Resultados_Titulo	Resultados_url	Resultados_Contenido	Resultados_Contenido_url
Conflicto - Concepto, tipos, elementos, causas y ejemplos	https://www.bing.com/ck/a?!&&p=cc0f07c4a044fdd35049c02ca00e8598e75616affb0060f279cc0c11cd535080JmltdHM9MTY1NDAzNTg4NiZpZ3VpZD0xMzI1NWMzYS02MzA1LTQ1N2MtODFlZi1jODc2YmVhMWY5MDMmaW5zaWQ9NTE3Nw&ptn=3&fclid=79a2873d-e130-11ec-8264-51d760227020&u=a1aHR0cHM6Ly9jb25jZXB0by5kZS9jb25mbGljdG8v&ntb=1	Causas del conflicto. Las causas que desencadenan un conflicto pueden darse de manera individual o en simultÃ¡neo (conflicto multicausal). Entre las mÃ¡s representativas estÃ¡n: Falta o falla en la comunicaciÃ³n. Surge un conflicto entre â€¦	
Conflicto - Wikipedia, la enciclopedia libre	https://www.bing.com/ck/a?!&&p=00cc295baf2dcf57c54dbb947cff1a3f0a5a8e93746c76c4047176e7093e4981JmltdHM9MTY1NDAzNTg4NiZpZ3VpZD0xMzI1NWMzYS02MzA1LTQ1N2MtODFlZi1jODc2YmVhMWY5MDMmaW5zaWQ9NTIwMA&ptn=3&fclid=79a2eb39-e130-11ec-a624-d9be35c6db80&u=a1aHR0cHM6Ly9lcy53aWtpcGVkaWEub3JnL3dpa2kvQ29uZmxpY3Rv&ntb=1		
Conflicto | Spanish to English Translation - SpanishDict	https://www.bing.com/ck/a?!&&p=56026aea74d80feb3e4158d15fbd59b1b3553f7c9e135b5232817a0a31e755fcJmltdHM9MTY1NDAzNTg4NiZpZ3VpZD0xMzI1NWMzYS02MzA1LTQ1N2MtODFlZi1jODc2YmVhMWY5MDMmaW5zaWQ9NTIyMQ&ptn=3&fclid=79a33e6c-e130-11ec-8ec8-912f6936d527&u=a1aHR0cHM6Ly93d3cuc3BhbmlzaGRpY3QuY29tL3RyYW5zbGF0ZS9jb25mbGljdG8&ntb=1	masculine noun. 1. (confrontation) a. conflict. El conflicto entre el gremio docente y el gobierno se intensificÃ³.The conflict between the teachers union and the government intensified. b. clash. El conflicto de intereses terminÃ³ en una disputa legal.The clash of interests gave way to a legal dispute. 2. (psychology)	
conflicto | DefiniciÃ³n | Diccionario de la lengua espaÃ±ola	https://www.bing.com/ck/a?!&&p=c46e61a95bb0577ef2757c61b90c7489421b42217dc7c0562068ee8e0830942eJmltdHM9MTY1NDAzNTg4NiZpZ3VpZD0xMzI1NWMzYS02MzA1LTQ1N2MtODFlZi1jODc2YmVhMWY5MDMmaW5zaWQ9NTI0Mg&ptn=3&fclid=79a3b229-e130-11ec-ba7d-8d571efd57ee&u=a1aHR0cHM6Ly9kbGUucmFlLmVzL2NvbmZsaWN0bw&ntb=1		
Conflicto - significado de conflicto diccionario	https://www.bing.com/ck/a?!&&p=4000949fbc74eb6d21ec11597b5cca71e462f0371d8eb37e3f1b77d6a40d4b6dJmltdHM9MTY1NDAzNTg4NiZpZ3VpZD0xMzI1NWMzYS02MzA1LTQ1N2MtODFlZi1jODc2YmVhMWY5MDMmaW5zaWQ9NTI2Mw&ptn=3&fclid=79a3cede-e130-11ec-ac00-fd122bf99397&u=a1aHR0cHM6Ly9lcy50aGVmcmVlZGljdGlvbmFyeS5jb20vY29uZmxpY3Rv&ntb=1		
Significado de Conflicto (QuÃ© es, Concepto y DefiniciÃ³n)	https://www.bing.com/ck/a?!&&p=fa8dacb060cbad646d10af87a0fa092d15e4d6addd25fdefb8c0e1ca74e2b54eJmltdHM9MTY1NDAzNTg4NiZpZ3VpZD0xMzI1NWMzYS02MzA1LTQ1N2MtODFlZi1jODc2YmVhMWY5MDMmaW5zaWQ9NTI4Nw&ptn=3&fclid=79a51d43-e130-11ec-a0b8-eeff4fe6fbb6&u=a1aHR0cHM6Ly93d3cuc2lnbmlmaWNhZG9zLmNvbS9jb25mbGljdG8v&ntb=1		
DefiniciÃ³n de conflicto - QuÃ© es, Significado y Concepto	https://www.bing.com/ck/a?!&&p=195ab28d0597ea973feb09ac7809d808bc6657236f828f3d9fe5b878bf04d295JmltdHM9MTY1NDAzNTg4NiZpZ3VpZD0xMzI1NWMzYS02MzA1LTQ1N2MtODFlZi1jODc2YmVhMWY5MDMmaW5zaWQ9NTMxNw&ptn=3&fclid=79a541e6-e130-11ec-8117-22af9eb3368a&u=a1aHR0cHM6Ly9kZWZpbmljaW9uLmRlL2NvbmZsaWN0by8&ntb=1	El conflicto segÃºn Dahrendorf y Marx. Para el alemÃ¡n Ralf Dahrendorf, un conflicto es una situaciÃ³n universal que sÃ³lo puede solucionarse a partir de un cambio social.Karl Marx, por su parte, ubicaba al origen del conflicto en la dialÃ©ctica del â€¦	
Los 11 tipos de conflictos y cÃ³mo resolverlos	https://www.bing.com/ck/a?!&&p=edff87cd6b1a31c3dc67ceb56a674658530fee7d19e85f9efb0389f84d6fe1dfJmltdHM9MTY1NDAzNTg4NiZpZ3VpZD0xMzI1NWMzYS02MzA1LTQ1N2MtODFlZi1jODc2YmVhMWY5MDMmaW5zaWQ9NTM0Nw&ptn=3&fclid=79a559bd-e130-11ec-b141-c4b1013470f5&u=a1aHR0cHM6Ly9wc2ljb2xvZ2lheW1lbnRlLmNvbS9zb2NpYWwvdGlwb3MtZGUtY29uZmxpY3Rvcw&ntb=1		
Guerra Rusia-Ucrania, en vivo: el Kremlin hizo frente a los rumores â€¦	https://www.bing.com/ck/a?!&&p=fb981e7a0b460ca34853443f6941bdbd41f20a504f5469a8f113227dc4abb99fJmltdHM9MTY1NDAzNTg4NiZpZ3VpZD0xMzI1NWMzYS02MzA1LTQ1N2MtODFlZi1jODc2YmVhMWY5MDMmaW5zaWQ9NTM3MA&ptn=3&fclid=79a57e56-e130-11ec-9016-b42c2327d48f&u=a1aHR0cHM6Ly9lcy11cy5ub3RpY2lhcy55YWhvby5jb20vZ3VlcnJhLXJ1c2lhLXVjcmFuaWEtdml2by1ub3RpY2lhcy0wNjQ1MDk3MjQuaHRtbA&ntb=1	May 30, 2022 Â· En esta actualizaciÃ³n tambiÃ©n precisaron que el Kremlin, en 95 dÃ­as de conflicto, perdiÃ³ 207 aviones cazas, 174 helicÃ³pteros y 504 drones. AdemÃ¡s, afirman haber destruido 1338 tanques rusos, 631 piezas de artillerÃ­a, 3270 vehÃ­culos blindados de transporte de personal, 116 misiles de crucero y 13 barcos.	
Â¿Por quÃ© Rusia atacÃ³ e invadiÃ³ Ucrania? Â¿CuÃ¡les son los â€¦	https://www.bing.com/ck/a?!&&p=fff5bb0ecf7c94950092018ae8f80f000b3f7006c2b615a691f01a563fc53c72JmltdHM9MTY1NDAzNTg4NiZpZ3VpZD0xMzI1NWMzYS02MzA1LTQ1N2MtODFlZi1jODc2YmVhMWY5MDMmaW5zaWQ9NTM5NA&ptn=3&fclid=79a59635-e130-11ec-958f-f2ab5c1dd0ba&u=a1aHR0cHM6Ly9jbm5lc3Bhbm9sLmNubi5jb20vMjAyMi8wNS8yNC9wb3ItcXVlLXJ1c2lhLXVjcmFuaWEtZ3VlcnJhLWludmFzaW9uLW1vdGl2b3Mtb3JpeC8&ntb=1		
Los 11 tipos de conflictos y cÃ³mo resolverlos	https://www.bing.com/ck/a?!&&p=335ed07e0eefaaf1853f1920450746968d8143dec40d876537db28a9ac61f55eJmltdHM9MTY1NDAzNTg5NyZpZ3VpZD01Y2NlMGIzNy1hY2ZkLTQ2YTktOTJkZS0wMzU1YWQxZWUyZjQmaW5zaWQ9NTEzNA&ptn=3&fclid=807dd3a5-e130-11ec-9c30-835cc12a1a4e&u=a1aHR0cHM6Ly9wc2ljb2xvZ2lheW1lbnRlLmNvbS9zb2NpYWwvdGlwb3MtZGUtY29uZmxpY3Rvcw&ntb=1	Dec 12, 2016 Â· Los conflictos de intereses tienen que ver con las motivaciones y las necesidades de cada persona o grupo y con los recursos presentes en ese momento. Por ejemplo: cuando un trabajador quiere mÃ¡s dinero por la jornada â€¦	
DefiniciÃ³n de Conflicto Â» Concepto en DefiniciÃ³n ABC	https://www.bing.com/ck/a?!&&p=b821f502a16a6e4e02a4d6541e781c48d6abb95b9e634fb8d530d0dd7d3e9555JmltdHM9MTY1NDAzNTg5NyZpZ3VpZD01Y2NlMGIzNy1hY2ZkLTQ2YTktOTJkZS0wMzU1YWQxZWUyZjQmaW5zaWQ9NTE1OQ&ptn=3&fclid=807e045c-e130-11ec-9170-364a7431f204&u=a1aHR0cHM6Ly93d3cuZGVmaW5pY2lvbmFiYy5jb20vc29jaWFsL2NvbmZsaWN0by5waHA&ntb=1	DefiniciÃ³n de Conflicto. Un conflicto es una situaciÃ³n que implica un problema, una dificultad y puede suscitar posteriores enfrentamientos, generalmente, entre dos partes o pueden ser mÃ¡s tambiÃ©n, cuyos intereses, valores y pensamientos â€¦	
ðŸ¥‡Â¿QuÃ© es el conflicto? - CEUPE	https://www.bing.com/ck/a?!&&p=6c8ef548269f0d97f74fac457c83081ed608c595ed43753de8d8338a33cf306bJmltdHM9MTY1NDAzNTg5NyZpZ3VpZD01Y2NlMGIzNy1hY2ZkLTQ2YTktOTJkZS0wMzU1YWQxZWUyZjQmaW5zaWQ9NTE4NA&ptn=3&fclid=807e26cb-e130-11ec-9573-b1d6ffc69758&u=a1aHR0cHM6Ly93d3cuY2V1cGUuY29tL2Jsb2cvcXVlLWVzLWVsLWNvbmZsaWN0by5odG1s&ntb=1	AsÃ­ pues, el conflicto es una forma de resolver las contradicciones que surgen a partir de la incoherencia de juicios, objetivos, intereses, conclusiones, inferencias, opiniones o puntos de vista sobre determinados aspectos. La esencia es la â€¦	
El conflicto: definiciÃ³n, elementos y tipos Â¿QuÃ© es un conflicto?	https://www.bing.com/ck/a?!&&p=7744640f3d7872ed696e92620fc72bb52394812546f15cff94286f4cd7679ae7JmltdHM9MTY1NDAzNTg5NyZpZ3VpZD01Y2NlMGIzNy1hY2ZkLTQ2YTktOTJkZS0wMzU1YWQxZWUyZjQmaW5zaWQ9NTIwMw&ptn=3&fclid=807e4444-e130-11ec-b0ca-2a7fdbe5802f&u=a1aHR0cHM6Ly9hbGVqYW5kcmF2YXJlbGExODMuZmlsZXMud29yZHByZXNzLmNvbS8yMDEyLzAyL2NvbmZsaWN0b3MxLWRvY3VtZW50by1mYW1pbGlhcy5wZGY&ntb=1		
CONFLICTO.ORG â€“ ConflictologÃ­a	https://www.bing.com/ck/a?!&&p=28c6728b2dced69cd1d354cc3bce36b7719ed643fd591a195578a6c2db5cc8f8JmltdHM9MTY1NDAzNTg5NyZpZ3VpZD01Y2NlMGIzNy1hY2ZkLTQ2YTktOTJkZS0wMzU1YWQxZWUyZjQmaW5zaWQ9NTIyMQ&ptn=3&fclid=807e59ff-e130-11ec-88d6-45bc45dc389d&u=a1aHR0cDovL2NvbmZsaWN0by5vcmcv&ntb=1	Address 123 Main Street New York, NY 10001. Hours Mondayâ€”Friday: 9:00AMâ€“5:00PM Saturday & Sunday: 11:00AMâ€“3:00PM	
Conflicto social - QuÃ© es, definiciÃ³n y concepto - Economipedia	https://www.bing.com/ck/a?!&&p=94ee6f49351ed4e1e9210c94bb95150e98fc2544a0b4aa06e80e3bfa6b872fb9JmltdHM9MTY1NDAzNTg5NyZpZ3VpZD01Y2NlMGIzNy1hY2ZkLTQ2YTktOTJkZS0wMzU1YWQxZWUyZjQmaW5zaWQ9NTI0Mw&ptn=3&fclid=807e6fb1-e130-11ec-90ec-f475ebd4245e&u=a1aHR0cHM6Ly9lY29ub21pcGVkaWEuY29tL2RlZmluaWNpb25lcy9jb25mbGljdG8tc29jaWFsLmh0bWw&ntb=1	Un conflicto social se da cuando se producen situaciones en paÃ­ses o regiones que pueden dar lugar a circunstancias desagradables para la convivencia y la integraciÃ³n social. CorrupciÃ³n. Desigualdad social y econÃ³mica. Ausencia del Estado y falta de legislaciÃ³n y marco institucional. Crisis econÃ³micas.	
Guerra Rusia-Ucrania, en vivo: el Kremlin hizo frente a los rumores â€¦	https://www.bing.com/ck/a?!&&p=645ce7de7a597a4b543a6b52b27041202f2f0cce604b987b638a079f8094908dJmltdHM9MTY1NDAzNTg5NyZpZ3VpZD01Y2NlMGIzNy1hY2ZkLTQ2YTktOTJkZS0wMzU1YWQxZWUyZjQmaW5zaWQ9NTI2Ng&ptn=3&fclid=807e8811-e130-11ec-8288-bf69bb80310b&u=a1aHR0cHM6Ly9lcy11cy5ub3RpY2lhcy55YWhvby5jb20vZ3VlcnJhLXJ1c2lhLXVjcmFuaWEtdml2by1ub3RpY2lhcy0wNjQ1MDk3MjQuaHRtbA&ntb=1	May 30, 2022 Â· En esta actualizaciÃ³n tambiÃ©n precisaron que el Kremlin, en 95 dÃ­as de conflicto, perdiÃ³ 207 aviones cazas, 174 helicÃ³pteros y 504 drones. AdemÃ¡s, afirman haber destruido 1338 tanques rusos, 631 piezas de artillerÃ­a, 3270 vehÃ­culos blindados de transporte de personal, 116 misiles de crucero y 13 barcos.	
Consecuencias de los conflictos armados en la salud mental de â€¦	https://www.bing.com/ck/a?!&&p=7e8ac1acdde0bc9c7bf7a7966df78e4a648d16ae8deca697b7feed83a6b52095JmltdHM9MTY1NDAzNTg5NyZpZ3VpZD01Y2NlMGIzNy1hY2ZkLTQ2YTktOTJkZS0wMzU1YWQxZWUyZjQmaW5zaWQ9NTI4Ng&ptn=3&fclid=807ea08b-e130-11ec-91d9-6654f9f33865&u=a1aHR0cHM6Ly93d3cubmNiaS5ubG0ubmloLmdvdi9wbWMvYXJ0aWNsZXMvUE1DODUyNTg3NS8&ntb=1	El conflicto armado es un determinante social descuidado de la salud infantil, y los efectos agudos y crÃ³nicos del conflicto armado en la salud infantil y el bienestar se encuentran entre las mayores violaciones de los derechos del niÃ±o en el siglo 21. 72: Fajardo-Mayo MA, RamÃ­rez- Lozano MP, SuescÃºn V, Isabel M, Ospina-Alvarado MC (2018)	
Mundo en Conflicto ðŸŒŽ (@MundoEConflicto) / Twitter	https://www.bing.com/ck/a?!&&p=b2f6d0038c7866776a85b899565b2e7a24d12fa888a4e65d19dbba3fc49e0cc1JmltdHM9MTY1NDAzNTg5NyZpZ3VpZD01Y2NlMGIzNy1hY2ZkLTQ2YTktOTJkZS0wMzU1YWQxZWUyZjQmaW5zaWQ9NTMwNQ&ptn=3&fclid=807eb9c0-e130-11ec-afec-e7c8960890f0&u=a1aHR0cHM6Ly90d2l0dGVyLmNvbS9NdW5kb0VDb25mbGljdG8&ntb=1	Jan 19, 2017 Â· Noticias y acontecimientos de todo el mundo en tiempo real y espaÃ±ol, las 24 horas del dÃ­a, todos los dÃ­as del aÃ±o. CM @BraianlVillagra.	
Â¿Por quÃ© Rusia atacÃ³ e invadiÃ³ Ucrania? Â¿CuÃ¡les son los motivos y â€¦	https://www.bing.com/ck/a?!&&p=81556a13fb3eb26bdf6f764060766176bbb57794c2011ae6ddb7a5ef2f7c9c04JmltdHM9MTY1NDAzNTg5NyZpZ3VpZD01Y2NlMGIzNy1hY2ZkLTQ2YTktOTJkZS0wMzU1YWQxZWUyZjQmaW5zaWQ9NTMyOQ&ptn=3&fclid=807ed19e-e130-11ec-90a0-ac4d14f67a38&u=a1aHR0cHM6Ly9jbm5lc3Bhbm9sLmNubi5jb20vMjAyMi8wNS8yNC9wb3ItcXVlLXJ1c2lhLXVjcmFuaWEtZ3VlcnJhLWludmFzaW9uLW1vdGl2b3Mtb3JpeC8&ntb=1	May 24, 2022 Â· Rusia atacÃ³ Ucrania desde BelarÃºs, en el norte; desde territorio ruso, en el noreste y este; y desde Crimea, anexada en 2014, en el sur. Pero sus â€¦	
Conflictos en EL PAÃS	https://www.bing.com/ck/a?!&&p=191684c497a862d3b263d1d3ce038520b6fa5f20728dad50efd93c1e7dbca2f3JmltdHM9MTY1NDAzNTg5NyZpZ3VpZD01Y2NlMGIzNy1hY2ZkLTQ2YTktOTJkZS0wMzU1YWQxZWUyZjQmaW5zaWQ9NTM0OQ&ptn=3&fclid=807ee87d-e130-11ec-ac2b-7ef7089a2de1&u=a1aHR0cHM6Ly9lbHBhaXMuY29tL25vdGljaWFzL2NvbmZsaWN0b3Mv&ntb=1	2 days ago Â· Todas las noticias sobre Conflictos publicadas en EL PAÃS. InformaciÃ³n, novedades y Ãºltima hora sobre Conflictos.	
Conflicto social: caracterÃ­sticas, causas, tipos y ejemplos	https://www.bing.com/ck/a?!&&p=454041996bcdfca14b942f6a68b6e7cc83de4b0af5c7a7cc4943479a6761e00eJmltdHM9MTY1NDAzNTg5NyZpZ3VpZD01Y2NlMGIzNy1hY2ZkLTQ2YTktOTJkZS0wMzU1YWQxZWUyZjQmaW5zaWQ9NTM3MA&ptn=3&fclid=807f001b-e130-11ec-a949-7b3c3af2d5cb&u=a1aHR0cHM6Ly93d3cubGlmZWRlci5jb20vY29uZmxpY3RvLXNvY2lhbC8&ntb=1	Un conflicto social se produce cuando entre dos o mÃ¡s grupos hay desacuerdos que pueden poner en riesgo la convivencia social. Ejemplos de conflicto social los tenemos en, por ejemplo, las luchas de las sufragistas por lograr el derecho al voto femenino, o los serios enfrentamientos en el seno de la sociedad norteamericana en los aÃ±os 60 a ...	
QuÃ© es un conflicto y cuÃ¡les son sus caracterÃ­sticas	https://www.bing.com/ck/a?!&&p=b195f5946ee8c4d30ab8356fdcb59508e2111d17cd1584ecd1657bda2690263fJmltdHM9MTY1NDAzNTg5NyZpZ3VpZD01Y2NlMGIzNy1hY2ZkLTQ2YTktOTJkZS0wMzU1YWQxZWUyZjQmaW5zaWQ9NTM5MQ&ptn=3&fclid=807f16a3-e130-11ec-bad6-439304e433df&u=a1aHR0cHM6Ly9jdWx0dXJhY29sZWN0aXZhLmNvbS9lc3RpbG8tZGUtdmlkYS9xdWUtZXMtdW4tY29uZmxpY3RvLXktY3VhbGVzLXNvbi1zdXMtY2FyYWN0ZXJpc3RpY2FzLw&ntb=1	La RAE define la palabra conflicto como un combate, lucha o pelea, un enfrentamiento armado o situaciÃ³n desgraciada y de difÃ­cil salida. Conflicto puede tratarse de una contraposiciÃ³n de ideas entre dos personas o grupos opuestos que deviene en una disputa ideolÃ³gica o fÃ­sica. Por ejemplo, el conflicto entre dos aficiones de equipos ...	
SinÃ³nimo de Conflicto - SinÃ³nimos Online	https://www.bing.com/ck/a?!&&p=2c6a5b40fdb68fa90104548e7b164b303f629e949e2671e7c170c3dceb1e81f1JmltdHM9MTY1NDAzNTg5NyZpZ3VpZD01Y2NlMGIzNy1hY2ZkLTQ2YTktOTJkZS0wMzU1YWQxZWUyZjQmaW5zaWQ9NTQxMQ&ptn=3&fclid=807f2eb2-e130-11ec-9827-87a0f74c5428&u=a1aHR0cHM6Ly93d3cuc2lub25pbW9zb25saW5lLmNvbS9jb25mbGljdG8v&ntb=1	Conflicto es sinÃ³nimo de: combate, lucha, pelea, disputa, enfrentamiento, guerra, pugn ... Diccionario de SinÃ³nimos Online. SinÃ³nimo de conflicto. Compartir. 25 sinÃ³nimos de conflicto en 4 sentidos de la palabra conflicto: Combate (sentido figurado):	
Conflicto - significado de conflicto diccionario	https://www.bing.com/ck/a?!&&p=9cfb9696c0650fe4edbda0d9c9c742dbb09693a2dcb45d3a4c8221db5a80ea63JmltdHM9MTY1NDAzNTkwOSZpZ3VpZD0yNjMzOWU4My1iNzgxLTQ4MzEtODVjYi0xYmUwYWY4NDk4ZjYmaW5zaWQ9NTEyOQ&ptn=3&fclid=87a15ccc-e130-11ec-bc59-f5b35105cf5c&u=a1aHR0cHM6Ly9lcy50aGVmcmVlZGljdGlvbmFyeS5jb20vY29uZmxpY3Rv&ntb=1	conflicto(Del lat. conflictus < confligere, chocar.) 1. s. m. SituaciÃ³n de lucha, desacuerdo, rivalidad u oposiciÃ³n entre personas o cosas existe un grave conflicto entre ellos por culpa de la herencia familiar. desacuerdo, desavenencia, desidencia, disputa, enfrentamiento, pugna entendimiento 2. SituaciÃ³n difÃ­cil o peligrosa si se prolonga el ...	
conflicto - DefiniciÃ³n - WordReference.com	https://www.bing.com/ck/a?!&&p=41a0625d10b8114d932283efe49c1c3b1c67859ce5f629643026d6d6bd3e4086JmltdHM9MTY1NDAzNTkwOSZpZ3VpZD0yNjMzOWU4My1iNzgxLTQ4MzEtODVjYi0xYmUwYWY4NDk4ZjYmaW5zaWQ9NTE0OQ&ptn=3&fclid=87a18343-e130-11ec-addf-b539980d3bc2&u=a1aHR0cHM6Ly93d3cud29yZHJlZmVyZW5jZS5jb20vZGVmaW5pY2lvbi9jb25mbGljdG8&ntb=1	m. Lucha, enfrentamiento, oposiciÃ³n entre personas o cosas: conflicto entre naciones, de intereses. Apuro, situaciÃ³n agitada o difÃ­cil: hay un gran conflicto en mi empresa. CuestiÃ³n que se debate, materia de discusiÃ³n. psicol. Existencia de tendencias contradictorias en el individuo, que generan angustia e incluso trastornos neurÃ³ticos.	
QuÃ© es un conflicto y cuÃ¡les son sus caracterÃ­sticas	https://www.bing.com/ck/a?!&&p=b4363b3bcb52d4c66ef5c174b44ccb0d31966cfbeb8d57b6f6cd46305931b79eJmltdHM9MTY1NDAzNTkwOSZpZ3VpZD0yNjMzOWU4My1iNzgxLTQ4MzEtODVjYi0xYmUwYWY4NDk4ZjYmaW5zaWQ9NTE3MA&ptn=3&fclid=87a19be7-e130-11ec-97db-e7b911f7ee13&u=a1aHR0cHM6Ly9jdWx0dXJhY29sZWN0aXZhLmNvbS9lc3RpbG8tZGUtdmlkYS9xdWUtZXMtdW4tY29uZmxpY3RvLXktY3VhbGVzLXNvbi1zdXMtY2FyYWN0ZXJpc3RpY2FzLw&ntb=1	La RAE define la palabra conflicto como un combate, lucha o pelea, un enfrentamiento armado o situaciÃ³n desgraciada y de difÃ­cil salida. Conflicto puede tratarse de una contraposiciÃ³n de ideas entre dos personas o grupos opuestos que deviene en una disputa ideolÃ³gica o fÃ­sica. Por ejemplo, el conflicto entre dos aficiones de equipos ...	
Conflicto â€“ PSICOLOGÃA	https://www.bing.com/ck/a?!&&p=4f8b0ce83a83dfbc152293980edcc2c5196c02c4dbe0a3e692ed949dfa44a8efJmltdHM9MTY1NDAzNTkwOSZpZ3VpZD0yNjMzOWU4My1iNzgxLTQ4MzEtODVjYi0xYmUwYWY4NDk4ZjYmaW5zaWQ9NTE5Mw&ptn=3&fclid=87a1b386-e130-11ec-98c9-d9d1693944d3&u=a1aHR0cHM6Ly9jb25kdWN0YW9yZ2FuaXphY2lvbmFsYmxvZy53b3JkcHJlc3MuY29tLzIwMTcvMTIvMDEvY29uZmxpY3RvLw&ntb=1	Dec 01, 2017 Â· El conflicto se presenta cuando una de las partes (sea un individuo o un grupo) tratan de alcanzar sus objetivos, que estÃ¡n ligados con los de otra parte, e interfiere con los esfuerzos de Ã©sta. El conflicto es mucho mÃ¡s que un simple desacuerdo o desavenencia: constituye una interferencia deliberada, activa o pasiva, para bloquear los ...	
Conflicto - Monografias.com	https://www.bing.com/ck/a?!&&p=95bf4817b8eff0c0f3d71abc501983881632f413300525795d37336c3bfb80e1JmltdHM9MTY1NDAzNTkwOSZpZ3VpZD0yNjMzOWU4My1iNzgxLTQ4MzEtODVjYi0xYmUwYWY4NDk4ZjYmaW5zaWQ9NTIxNQ&ptn=3&fclid=87a1cb65-e130-11ec-ac97-d3e029ed2471&u=a1aHR0cHM6Ly93d3cubW9ub2dyYWZpYXMuY29tL3RyYWJham9zODIvY29uZmxpY3RvL2NvbmZsaWN0bw&ntb=1	4. El conflicto en la organizaciÃ³n (conflicto laboral) Desde el inicio del comportamiento grupal de los humanos se evidenciÃ³ la existencia del conflicto y su consecuencia mÃ¡s comÃºn en esa Ã©poca era la agresiÃ³n, al igual que en el reino animal, las causas del conflicto se basaban en defender el territorio, alimentos, manada y parejas.	
MANEJO DE CONFLICTOS	https://www.bing.com/ck/a?!&&p=8b904da0f4b15e1cbffa6a247bf1dd6259997ee718ce015061c61f7aba0b9abbJmltdHM9MTY1NDAzNTkwOSZpZ3VpZD0yNjMzOWU4My1iNzgxLTQ4MzEtODVjYi0xYmUwYWY4NDk4ZjYmaW5zaWQ9NTIzNQ&ptn=3&fclid=87a1e475-e130-11ec-b5d5-cdca19e11226&u=a1aHR0cDovL3ZpdmllbmRhLnVwcm0uZWR1L21lZGlhL2RvY3MvTWFuZWpvRGVDb25mbGljdG9zLnBkZg&ntb=1		
Conflicto social | QuÃ© es, definiciÃ³n, caracterÃ­sticas, â€¦	https://www.bing.com/ck/a?!&&p=6f7d21b07687c2781275728a4b88c215d7ab7468e769574e171b7c980704ad98JmltdHM9MTY1NDAzNTkwOSZpZ3VpZD0yNjMzOWU4My1iNzgxLTQ4MzEtODVjYi0xYmUwYWY4NDk4ZjYmaW5zaWQ9NTI2MA&ptn=3&fclid=87a20919-e130-11ec-955f-13866b778b88&u=a1aHR0cHM6Ly93d3cuZXVzdG9uOTYuY29tL2NvbmZsaWN0by1zb2NpYWwv&ntb=1	El conflicto social es la lucha por la que los distintos grupos sociales tratan de lograr un estatus determinado utilizando todos los medios a su alcance aunque ello suponga tener que daÃ±ar a los demÃ¡s grupos. Este tipo de confictos suele poner â€¦	
Guerra Rusia-Ucrania, en vivo: el Kremlin hizo frente a los rumores â€¦	https://www.bing.com/ck/a?!&&p=52409e570bfe3491c3001b1f66a8b2157443f193874ebef8b1f7f9bdc01692d9JmltdHM9MTY1NDAzNTkwOSZpZ3VpZD0yNjMzOWU4My1iNzgxLTQ4MzEtODVjYi0xYmUwYWY4NDk4ZjYmaW5zaWQ9NTI4Mw&ptn=3&fclid=87a22062-e130-11ec-91c5-9cc8b4d5f151&u=a1aHR0cHM6Ly9lcy11cy5ub3RpY2lhcy55YWhvby5jb20vZ3VlcnJhLXJ1c2lhLXVjcmFuaWEtdml2by1ub3RpY2lhcy0wNjQ1MDk3MjQuaHRtbA&ntb=1	May 30, 2022 Â· En esta actualizaciÃ³n tambiÃ©n precisaron que el Kremlin, en 95 dÃ­as de conflicto, perdiÃ³ 207 aviones cazas, 174 helicÃ³pteros y 504 drones. AdemÃ¡s, afirman haber destruido 1338 tanques rusos, 631 piezas de artillerÃ­a, 3270 vehÃ­culos blindados de transporte de personal, 116 misiles de crucero y 13 barcos.	
Mundo en Conflicto ðŸŒŽ (@MundoEConflicto) / Twitter	https://www.bing.com/ck/a?!&&p=7c935550a62ac8527c772ca5d6b7160746db02867cd00383026fc63fa52baec5JmltdHM9MTY1NDAzNTkwOSZpZ3VpZD0yNjMzOWU4My1iNzgxLTQ4MzEtODVjYi0xYmUwYWY4NDk4ZjYmaW5zaWQ9NTMwMw&ptn=3&fclid=87a23776-e130-11ec-8b85-a83643ce0b64&u=a1aHR0cHM6Ly90d2l0dGVyLmNvbS9NdW5kb0VDb25mbGljdG8&ntb=1	Jan 19, 2017 Â· Noticias y acontecimientos de todo el mundo en tiempo real y espaÃ±ol, las 24 horas del dÃ­a, todos los dÃ­as del aÃ±o. CM @BraianlVillagra.	
Â¿Por quÃ© Rusia atacÃ³ e invadiÃ³ Ucrania? Â¿CuÃ¡les son los motivos y â€¦	https://www.bing.com/ck/a?!&&p=4d6a8111f2458b631617be7f4cf65d09ed8049fc130177a0508e114a1af9b69cJmltdHM9MTY1NDAzNTkwOSZpZ3VpZD0yNjMzOWU4My1iNzgxLTQ4MzEtODVjYi0xYmUwYWY4NDk4ZjYmaW5zaWQ9NTMyNw&ptn=3&fclid=87a24e9f-e130-11ec-be0d-c7e4318d0af1&u=a1aHR0cHM6Ly9jbm5lc3Bhbm9sLmNubi5jb20vMjAyMi8wNS8yNC9wb3ItcXVlLXJ1c2lhLXVjcmFuaWEtZ3VlcnJhLWludmFzaW9uLW1vdGl2b3Mtb3JpeC8&ntb=1	May 24, 2022 Â· Rusia atacÃ³ Ucrania desde BelarÃºs, en el norte; desde territorio ruso, en el noreste y este; y desde Crimea, anexada en 2014, en el sur. Pero sus â€¦	
conflicto - Wiktionary	https://www.bing.com/ck/a?!&&p=69ed94c2ca0e098bb93e604ad2e9a22286f680bd13b93af37c629d9a3ffc2305JmltdHM9MTY1NDAzNTkwOSZpZ3VpZD0yNjMzOWU4My1iNzgxLTQ4MzEtODVjYi0xYmUwYWY4NDk4ZjYmaW5zaWQ9NTM0Nw&ptn=3&fclid=87a26598-e130-11ec-9857-22986482ec94&u=a1aHR0cHM6Ly9lbi53aWt0aW9uYXJ5Lm9yZy93aWtpL2NvbmZsaWN0bw&ntb=1	conflicto m (plural conflictos) conflict; Derived terms . conflicto de intereses; Further reading â€œconflictoâ€, in Diccionario de la lengua espaÃ±ola, VigÃ©sima tercera ediciÃ³n, Real â€¦	
Mapa Conflicto Macro zona sur	https://www.bing.com/ck/a?!&&p=b32401174e688b5863f403b80453a45a9cd07827823e5166ead38f87514d9deaJmltdHM9MTY1NDAzNTkwOSZpZ3VpZD0yNjMzOWU4My1iNzgxLTQ4MzEtODVjYi0xYmUwYWY4NDk4ZjYmaW5zaWQ9NTM2Nw&ptn=3&fclid=87a27be3-e130-11ec-a917-57903fd6b2bc&u=a1aHR0cHM6Ly93d3cubWFwYWNvbmZsaWN0b216cy5jb20v&ntb=1	MAPAS DEL CONFLICTOMACRO ZONA SUR. Los mapas de conflicto son fruto del registro, catastro y la georreferenciaciÃ³n civil del conflicto en la provincia de Arauco y la AraucanÃ­a, permiten dar una mirada en profundidad a los principales actos de terrorismo, violencia polÃ­tica, violencia Ã©tnica, narcotrÃ¡fico, y riesgo polÃ­tico a los que se ...	
conflicto - sinÃ³nimos y antÃ³nimos - WordReference.com	https://www.bing.com/ck/a?!&&p=9b893647dcbf6f456afeb45f130c3e36c9b86c4aec33b71a1f93fa658b374beeJmltdHM9MTY1NDAzNTkwOSZpZ3VpZD0yNjMzOWU4My1iNzgxLTQ4MzEtODVjYi0xYmUwYWY4NDk4ZjYmaW5zaWQ9NTM4Nw&ptn=3&fclid=87a292bb-e130-11ec-8c87-61f13db1be04&u=a1aHR0cHM6Ly93d3cud29yZHJlZmVyZW5jZS5jb20vc2lub25pbW9zL2NvbmZsaWN0bw&ntb=1	conflicto de interÃ©s / conflicto de intereses cuando aparece el inevitable conflicto entre americanistas e hispanistas El conflicto *distÃ³* mucho de ser un movimiento homogÃ©no. el gobierno cubano remite el conflicto interno al... El mejor conector de conflicto... escaramuza, conflicto, batalla y guerra su conflicto con la Argentina	
El proceso del conflicto - Ceupe	https://www.bing.com/ck/a?!&&p=ab6d2bc4e50d8671d13cdfaac0fec21854de3a33518148c20cfd22c4c2df4be0JmltdHM9MTY1NDAzNTkwOSZpZ3VpZD0yNjMzOWU4My1iNzgxLTQ4MzEtODVjYi0xYmUwYWY4NDk4ZjYmaW5zaWQ9NTQwOA&ptn=3&fclid=87a2aa69-e130-11ec-94ae-069689d8af93&u=a1aHR0cHM6Ly93d3cuY2V1cGUuY29tL2Jsb2cvcHJvY2Vzby1kZWwtY29uZmxpY3RvLmh0bWw&ntb=1	El proceso del conflicto. En este apartado analizaremos el proceso del conflicto para reconocer las etapas por las que atraviesa con idea de diagnosticar una situaciÃ³n conflictiva, hacerle frente y resolver mediante estrategias creativas, tenemos asÃ­: Etapa 1: OposiciÃ³n potencial. Esta fase, estÃ¡ constituida por las condiciones que ...	
Conflict (process) - Wikipedia	https://www.bing.com/ck/a?!&&p=393b887411a024cce5767e7303ba2a8d557d4eef9efb2a739fb253b0c4a0f8c0JmltdHM9MTY1NDAzNTkyMSZpZ3VpZD0zNDJmYzg3OS04YjE5LTQwZjQtYmQ2Mi03NDM4MDYzY2YzNjEmaW5zaWQ9NTEyOQ&ptn=3&fclid=8ec88e61-e130-11ec-af37-bc731e00c1b0&u=a1aHR0cHM6Ly9lbi53aWtpcGVkaWEub3JnL3dpa2kvQ29uZmxpY3RfKHByb2Nlc3Mp&ntb=1	Conflict (process) A conflict is a struggle and a clash of interest, opinion, or even principles. Conflict will always be found in society; as the basis of conflict may vary to be personal, racial, class, caste, political and international. Conflict may also be emotional, intellectual, and theoretical, in which case academic recognition may, or ...	
Conflicto | OpiniÃ³n | EL PAÃS	https://www.bing.com/ck/a?!&&p=20c8a6f9238f9794f3d0eb259de99abffa66b81d0e249c609cb61455f0f56a25JmltdHM9MTY1NDAzNTkyMSZpZ3VpZD0zNDJmYzg3OS04YjE5LTQwZjQtYmQ2Mi03NDM4MDYzY2YzNjEmaW5zaWQ9NTE1NA&ptn=3&fclid=8ec8c36a-e130-11ec-b800-a55989cda097&u=a1aHR0cHM6Ly9lbHBhaXMuY29tL2VscGFpcy8yMDE4LzEyLzI3L29waW5pb24vMTU0NTkzNDk0Nl82NTE2MjAuaHRtbA&ntb=1	Original porque el ahora llamado conflicto se identificÃ³, mientras fue procÃ©s, como choque de trenes, insurrecciÃ³n, rebeliÃ³n y hasta revoluciÃ³n, conceptos muy habituales entre intelectuales y ...	
CÃ³mo manejar los conflictos (con imÃ¡genes) - wikiHow	https://www.bing.com/ck/a?!&&p=85b7fcac20de4725784a9b05a11ce9b0b73794d5abdf452e0466acc39d463e82JmltdHM9MTY1NDAzNTkyMSZpZ3VpZD0zNDJmYzg3OS04YjE5LTQwZjQtYmQ2Mi03NDM4MDYzY2YzNjEmaW5zaWQ9NTE3OQ&ptn=3&fclid=8ec8e08f-e130-11ec-af2f-304005daf0bf&u=a1aHR0cHM6Ly9lcy53aWtpaG93LmNvbS9tYW5lamFyLWxvcy1jb25mbGljdG9z&ntb=1	6. Trabajen juntos para resolver el conflicto. La cooperaciÃ³n como medio para resolver los conflictos demanda que cada persona deje de echarle la culpa a la otra y que ambas se hagan responsables del problema. CompromÃ©tanse a â€¦	
Conflictos - No pierdas la perspectiva - YouTube	https://www.bing.com/ck/a?!&&p=1246f741843058008dee261e5c04d642c0cd0ab04cac60c1cc7ee6476477560bJmltdHM9MTY1NDAzNTkyMSZpZ3VpZD0zNDJmYzg3OS04YjE5LTQwZjQtYmQ2Mi03NDM4MDYzY2YzNjEmaW5zaWQ9NTIxMg&ptn=3&fclid=8ec8f6b9-e130-11ec-9d93-1bf71cd502f2&u=a1aHR0cHM6Ly93d3cueW91dHViZS5jb20vd2F0Y2g_dj1UaU5VYUhYc2pCQQ&ntb=1	May 10, 2013 Â· Frecuentemente cuando entramos en un conflicto terminamos convirtiÃ©ndolo en algo personal, lo que nos hace perder la perspectiva de los objetivos que persegu...	https://www.bing.com/ck/a?!&&p=5964a4db19a854cfa7b9c738dc69674c9c8af88faf1c05b068094ff751d10871JmltdHM9MTY1NDAzNTkyMSZpZ3VpZD0zNDJmYzg3OS04YjE5LTQwZjQtYmQ2Mi03NDM4MDYzY2YzNjEmaW5zaWQ9NTE5NQ&ptn=3&fclid=8ec92303-e130-11ec-be12-60925d5edc49&u=a1L3ZpZGVvcy9zZWFyY2g_cT1jb25mbGljdG8mY3ZpZD01Njc3NDU0MmY0YzE0ZDFiYjY2MTA3MjdjZWM1YjE1ZSZhcXM9ZWRnZS4wLjBsOS40MTQ5ajBqMSZwZ2x0PTY3NSZQQz1VNTMxJmZpcnN0PTM5JnJ1PSUyZnNlYXJjaCUzZnElM2Rjb25mbGljdG8lMjZjdmlkJTNkNTY3NzQ1NDJmNGMxNGQxYmI2NjEwNzI3Y2VjNWIxNWUlMjZhcXMlM2RlZGdlLjAuMGw5LjQxNDlqMGoxJTI2cGdsdCUzZDY3NSUyNlBDJTNkVTUzMSUyNmZpcnN0JTNkMzklMjZGT1JNJTNkUE9SRSZ2aWV3PWRldGFpbCZtbXNjbj12d3JjJm1pZD01N0Y3QkIwNkFFMDY5QzU2NjdGMTU3RjdCQjA2QUUwNjlDNTY2N0YxJkZPUk09V1JWT1JD&ntb=1
Conflict - TV Tropes	https://www.bing.com/ck/a?!&&p=5d731023193cb9aad8777eac805b32524c560831e0778096884c803cc56e4135JmltdHM9MTY1NDAzNTkyMSZpZ3VpZD0zNDJmYzg3OS04YjE5LTQwZjQtYmQ2Mi03NDM4MDYzY2YzNjEmaW5zaWQ9NTIzMg&ptn=3&fclid=8ec93b83-e130-11ec-8fdc-77b67f43d1f9&u=a1aHR0cHM6Ly90dnRyb3Blcy5vcmcvcG13aWtpL3Btd2lraS5waHAvTWFpbi9Db25mbGljdA&ntb=1	Conflict can come in many forms. According to Arthur Quiller-Couch, there are seven kinds of conflict, creating seven basic plots (Not to be confused with The Seven Basic Plots by Christopher Booker, which articulates a theory closer to that of The Hero's Journey).. Man vs. Man: The problem is another character (Bob needs to win over more votes than Alice does to become Class â€¦	
Conflicto enfoque-enfoque: definiciÃ³n y ejemplos - Estudyando	https://www.bing.com/ck/a?!&&p=d218133d742cead04ec5a781296b81930242d6b0c2b2453004083ec23a969796JmltdHM9MTY1NDAzNTkyMSZpZ3VpZD0zNDJmYzg3OS04YjE5LTQwZjQtYmQ2Mi03NDM4MDYzY2YzNjEmaW5zaWQ9NTI1NA&ptn=3&fclid=8ec9516d-e130-11ec-87d8-617426ece7b8&u=a1aHR0cHM6Ly9lc3R1ZHlhbmRvLmNvbS9jb25mbGljdG8tZW5mb3F1ZS1lbmZvcXVlLWRlZmluaWNpb24teS1lamVtcGxvcy8&ntb=1	Nov 14, 2020 Â· El conflicto de enfoque-enfoque es cuando hay un conflicto dentro de una persona en el que ella o ella necesita decidir entre dos objetivos que son atractivos. El conflicto generalmente se resuelve cuando hay un movimiento hacia uno de los objetivos. Esto facilita la toma de la decisiÃ³n final. Â¡PuntÃºa este artÃ­culo!	
Conflicto israelÃ­-palestino: 3 claves para entender la â€¦	https://www.bing.com/ck/a?!&&p=df37a758f993745a0480f6abf59168523e243d15190ab77f53290c1fcedb5bc9JmltdHM9MTY1NDAzNTkyMSZpZ3VpZD0zNDJmYzg3OS04YjE5LTQwZjQtYmQ2Mi03NDM4MDYzY2YzNjEmaW5zaWQ9NTI4MA&ptn=3&fclid=8ec97009-e130-11ec-9d39-72a1f61ca8d5&u=a1aHR0cHM6Ly93d3cuYmJjLmNvbS9tdW5kby9ub3RpY2lhcy1pbnRlcm5hY2lvbmFsLTU3MDYwMjA4&ntb=1	May 10, 2021 Â· Conflicto israelÃ­-palestino: por quÃ© la nueva ola de violencia en JerusalÃ©n y Gaza era realmente "inevitable" Medio Oriente: cÃ³mo Francia y Reino Unido se repartieron la regiÃ³n hace un siglo.	
Â¿CuÃ¡l es el origen del conflicto entre Ucrania y Rusia y por quÃ© â€¦	https://www.bing.com/ck/a?!&&p=69485736348b1d785f9569e0ef739d0ef51ebe80e74773e194c9df5a477db94dJmltdHM9MTY1NDAzNTkyMSZpZ3VpZD0zNDJmYzg3OS04YjE5LTQwZjQtYmQ2Mi03NDM4MDYzY2YzNjEmaW5zaWQ9NTMwMg&ptn=3&fclid=8ec98702-e130-11ec-b200-4cf788c8d36c&u=a1aHR0cHM6Ly93d3cuYmJjLmNvbS9tdW5kby9ub3RpY2lhcy1pbnRlcm5hY2lvbmFsLTU5ODgzNzY4&ntb=1	Jan 10, 2022 Â· La gran operaciÃ³n militar que desplegÃ³ Rusia en Ucrania marca una nueva etapa en el conflicto entre estos dos paÃ­ses, asÃ­ como la relaciÃ³n entre MoscÃº y las potencias occidentales.	
Guerra Rusia-Ucrania, en vivo: el Kremlin hizo frente a los rumores â€¦	https://www.bing.com/ck/a?!&&p=4d997ad4e1e96d99a27e4b924d38d001406f02075c5af00598553c4278b0783fJmltdHM9MTY1NDAzNTkyMSZpZ3VpZD0zNDJmYzg3OS04YjE5LTQwZjQtYmQ2Mi03NDM4MDYzY2YzNjEmaW5zaWQ9NTMyNQ&ptn=3&fclid=8ec99efa-e130-11ec-8d6a-3cde73ece13d&u=a1aHR0cHM6Ly9lcy11cy5ub3RpY2lhcy55YWhvby5jb20vZ3VlcnJhLXJ1c2lhLXVjcmFuaWEtdml2by1ub3RpY2lhcy0wNjQ1MDk3MjQuaHRtbA&ntb=1	May 30, 2022 Â· En esta actualizaciÃ³n tambiÃ©n precisaron que el Kremlin, en 95 dÃ­as de conflicto, perdiÃ³ 207 aviones cazas, 174 helicÃ³pteros y 504 drones. AdemÃ¡s, afirman haber destruido 1338 tanques rusos, 631 piezas de artillerÃ­a, 3270 vehÃ­culos blindados de transporte de personal, 116 misiles de crucero y 13 barcos.	
Â¿Por quÃ© Rusia atacÃ³ e invadiÃ³ Ucrania? Â¿CuÃ¡les son los motivos y â€¦	https://www.bing.com/ck/a?!&&p=7dd05a9447df36d757662583e7095e9e02e314fcca8eaecf5fca39ca71567824JmltdHM9MTY1NDAzNTkyMSZpZ3VpZD0zNDJmYzg3OS04YjE5LTQwZjQtYmQ2Mi03NDM4MDYzY2YzNjEmaW5zaWQ9NTM0OQ&ptn=3&fclid=8ec9b67a-e130-11ec-8354-226b4bb992b4&u=a1aHR0cHM6Ly9jbm5lc3Bhbm9sLmNubi5jb20vMjAyMi8wNS8yNC9wb3ItcXVlLXJ1c2lhLXVjcmFuaWEtZ3VlcnJhLWludmFzaW9uLW1vdGl2b3Mtb3JpeC8&ntb=1	May 24, 2022 Â· Rusia atacÃ³ Ucrania desde BelarÃºs, en el norte; desde territorio ruso, en el noreste y este; y desde Crimea, anexada en 2014, en el sur. Pero sus â€¦	
Conflicto antarcticus - Wikipedia	https://www.bing.com/ck/a?!&&p=b492ab310d6ae7ab045d616a01a6f41454e20a6314a229f8389e599bd7b20f64JmltdHM9MTY1NDAzNTkyMSZpZ3VpZD0zNDJmYzg3OS04YjE5LTQwZjQtYmQ2Mi03NDM4MDYzY2YzNjEmaW5zaWQ9NTM3Mw&ptn=3&fclid=8ec9d588-e130-11ec-af8e-3d1235cd25a1&u=a1aHR0cHM6Ly9lbi53aWtpcGVkaWEub3JnL3dpa2kvQ29uZmxpY3RvX2FudGFyY3RpY3Vz&ntb=1	Conflicto antarcticus is a species of stem waterfowl whose fossils were found in the early Paleocene LÃ³pez de Bertodano Formation of Antarctica, the only species of its genus and the family Conflictonidae. It is characterized by it slender body â€¦	
SinÃ³nimos y analogÃ­as de conflicto en espaÃ±ol - Reverso	https://www.bing.com/ck/a?!&&p=88d7a81340faea947d9214e630b5da1d5dcf3cb577bd132c5b8bf8d20539f7ccJmltdHM9MTY1NDAzNTkyMSZpZ3VpZD0zNDJmYzg3OS04YjE5LTQwZjQtYmQ2Mi03NDM4MDYzY2YzNjEmaW5zaWQ9NTM5Mw&ptn=3&fclid=8ec9eb62-e130-11ec-a30f-8677a6cb9e1c&u=a1aHR0cHM6Ly9zeW5vbnltcy5yZXZlcnNvLm5ldC9zaW5vbmltby9lcy9jb25mbGljdG8&ntb=1	Â¿QuÃ© es un sinÃ³nimo? Un sinÃ³nimo es una palabra que tiene un significado casi idÃ©ntico a otra. Los sinÃ³nimos son tÃ©rminos diferentes que significan casi lo mismo (por ejemplo, enfrentamiento es un sinÃ³nimo de conflicto). En general, dos palabras se consideran sinÃ³nimas si, al intercambiarlas en una oraciÃ³n, el sentido de Ã©sta no varÃ­a. AdemÃ¡s, dos palabras sinÃ³nimas deben ...	
EL CONFLICTO by - Prezi	https://www.bing.com/ck/a?!&&p=e7bfa9593a9e3e843082e091539e8a84e30267e3aa456f34f0920af80ebd8b75JmltdHM9MTY1NDAzNTkyMSZpZ3VpZD0zNDJmYzg3OS04YjE5LTQwZjQtYmQ2Mi03NDM4MDYzY2YzNjEmaW5zaWQ9NTQxNA&ptn=3&fclid=8eca00a7-e130-11ec-bfbd-c8bb7d408d7b&u=a1aHR0cHM6Ly9wcmV6aS5jb20vZ2dkOGdrYWxwY2VkL2VsLWNvbmZsaWN0by8&ntb=1	May 30, 2014 Â· Conflicto polÃ­tico: Cuando la situaciÃ³n problema o el interÃ©s y necesidades que se pretende satisfacer por las partes involucradas, giran alrededor del poder, ya sea que se trate de obtenerlo, conservarlo o ejercer influencia sobre quien lo tiene se entiende por conflicto. Get started for FREE Continue.	
Todo sobre Conflicto - psiquiatria	https://www.bing.com/ck/a?!&&p=8a0f6dcbe0916267bf0f1a162281012b9543afeb0929041b716b3315ef768cbbJmltdHM9MTY1NDAzNTkyMSZpZ3VpZD0zNDJmYzg3OS04YjE5LTQwZjQtYmQ2Mi03NDM4MDYzY2YzNjEmaW5zaWQ9NTQzNg&ptn=3&fclid=8eca1672-e130-11ec-9b09-e81c6b4441a5&u=a1aHR0cHM6Ly9wc2lxdWlhdHJpYS5jb20vZ2xvc2FyaW8vY29uZmxpY3Rv&ntb=1	May 25, 2022 Â· Conflicto interpersonal. Es el conflicto que se produce entre una persona y el ambiente. Conflicto intrapsÃ­quico. Es el conflicto que se produce entre dos fuerzas opuestas dentro del sujeto. Consejo matrimonial. TÃ©cnica psicoterapÃ©utica mÃ¡s limitada que la terapia de pareja. SÃ³lo se intenta resolver un conflicto existente en ese momento.	
Todo sobre Conflicto - psiquiatria	https://www.bing.com/ck/a?!&&p=429c775cab7d95fc5c989b938b31dbe2853799252f8c27c1e9f580f0f9e68c60JmltdHM9MTY1NDAzNTkzMyZpZ3VpZD0xYzdmN2Q0OS1lM2NmLTQwZTYtYWUxNC1jMWZmOTRlYjkyMWMmaW5zaWQ9NTEyOQ&ptn=3&fclid=95ef50d2-e130-11ec-be05-567dd8eb1f64&u=a1aHR0cHM6Ly9wc2lxdWlhdHJpYS5jb20vZ2xvc2FyaW8vY29uZmxpY3Rv&ntb=1	May 25, 2022 Â· Conflicto interpersonal. Es el conflicto que se produce entre una persona y el ambiente. Conflicto intrapsÃ­quico. Es el conflicto que se produce entre dos fuerzas opuestas dentro del sujeto. Consejo matrimonial. TÃ©cnica psicoterapÃ©utica mÃ¡s limitada que la terapia de pareja. SÃ³lo se intenta resolver un conflicto existente en ese momento.	
CÃ³mo manejar los conflictos (con imÃ¡genes) - wikiHow	https://www.bing.com/ck/a?!&&p=0e0f53e4cdd1b794439a818c6819532043144f94bc614121711de5e7955c7aafJmltdHM9MTY1NDAzNTkzMyZpZ3VpZD0xYzdmN2Q0OS1lM2NmLTQwZTYtYWUxNC1jMWZmOTRlYjkyMWMmaW5zaWQ9NTE1NA&ptn=3&fclid=95ef850d-e130-11ec-b338-1c69c6ac0a59&u=a1aHR0cHM6Ly9lcy53aWtpaG93LmNvbS9tYW5lamFyLWxvcy1jb25mbGljdG9z&ntb=1	6. Trabajen juntos para resolver el conflicto. La cooperaciÃ³n como medio para resolver los conflictos demanda que cada persona deje de echarle la culpa a la otra y que ambas se hagan responsables del problema. CompromÃ©tanse a â€¦	
Conflict - TV Tropes	https://www.bing.com/ck/a?!&&p=d5544bbf9c3c6323b805fcfa8b0c93e94fd9a9021c7b48573ee5873c67291357JmltdHM9MTY1NDAzNTkzMyZpZ3VpZD0xYzdmN2Q0OS1lM2NmLTQwZTYtYWUxNC1jMWZmOTRlYjkyMWMmaW5zaWQ9NTE3NA&ptn=3&fclid=95ef9a50-e130-11ec-8d05-0ac474aa2d19&u=a1aHR0cHM6Ly90dnRyb3Blcy5vcmcvcG13aWtpL3Btd2lraS5waHAvTWFpbi9Db25mbGljdA&ntb=1	Conflict can come in many forms. According to Arthur Quiller-Couch, there are seven kinds of conflict, creating seven basic plots (Not to be confused with The Seven Basic Plots by Christopher Booker, which articulates a theory closer to that of The Hero's Journey).. Man vs. Man: The problem is another character (Bob needs to win over more votes than Alice does to become Class â€¦	
Conflicto, Introduccion y Conclusion | PDF | Conflicto (proceso ...	https://www.bing.com/ck/a?!&&p=40428ca30989d107f6e77644c29f6d381865d5068339c525e93aa83fafb08f01JmltdHM9MTY1NDAzNTkzMyZpZ3VpZD0xYzdmN2Q0OS1lM2NmLTQwZTYtYWUxNC1jMWZmOTRlYjkyMWMmaW5zaWQ9NTE5Mw&ptn=3&fclid=95efaff2-e130-11ec-a771-cf2e9afcac9b&u=a1aHR0cHM6Ly9lcy5zY3JpYmQuY29tL2RvY3VtZW50LzM3NDQyOTExMi9Db25mbGljdG8tSW50cm9kdWNjaW9uLXktQ29uY2x1c2lvbi0x&ntb=1	Conclusion. La gran mayoria de los conflictos se presentan por no existir los elementos como mediadores que permitan esa claridad en las personas a la hora de solucionar. un problema de manera pacifica y positiva, estableciendo acuerdos mutuos entre los individuos participante en el conflicto, la mediacion permitira restablecer la.	
#conflicto - Twitter Search / Twitter	https://www.bing.com/ck/a?!&&p=fe33c147f78cac9fa7e8081cac1ade6bcbb8f1e54ecae9d59dc2af0c6d6efc08JmltdHM9MTY1NDAzNTkzMyZpZ3VpZD0xYzdmN2Q0OS1lM2NmLTQwZTYtYWUxNC1jMWZmOTRlYjkyMWMmaW5zaWQ9NTIxMw&ptn=3&fclid=95efc3ca-e130-11ec-8d14-185c587e3bb0&u=a1aHR0cHM6Ly90d2l0dGVyLmNvbS9oYXNodGFnL2NvbmZsaWN0bw&ntb=1	Apr 13, 2022 Â· El #conflicto entre #Rusia y Occidente por #Ucrania parece haber ido mÃ¡s allÃ¡ del Ã¡mbito #militar, ya que los medios independientes estÃ¡n siendo silenciados por #EEUU y sus aliados #OTAN. â€œToda persona q quiera ser salva debe tener una â€¦	
Los 8 tipos de conflictos familiares y cÃ³mo gestionarlos	https://www.bing.com/ck/a?!&&p=07d3fc72d397bf5c1c526f858d6946b804364d0cecc079caabc091b716f6e0c7JmltdHM9MTY1NDAzNTkzMyZpZ3VpZD0xYzdmN2Q0OS1lM2NmLTQwZTYtYWUxNC1jMWZmOTRlYjkyMWMmaW5zaWQ9NTIzNg&ptn=3&fclid=95efd94e-e130-11ec-968d-7fd0e21d8474&u=a1aHR0cHM6Ly9wc2ljb2xvZ2lheW1lbnRlLmNvbS9zb2NpYWwvdGlwb3MtZGUtY29uZmxpY3Rvcy1mYW1pbGlhcmVz&ntb=1	2.3. Crisis estructurales. En esta clase de dificultades se repiten y renuevan antiguas crisis o sucesos, haciendo que los conflictos reaparezcan entre los miembros de la familia. 2.4. Crisis de atenciÃ³n. Estas crisis son propias de unidades familiares en las â€¦	
Guerra Rusia-Ucrania, en vivo: el Kremlin hizo frente a los rumores â€¦	https://www.bing.com/ck/a?!&&p=67f332584429b2a9e4995c4f85ba3a6af299cb9c7f64289b92003d18adc774f6JmltdHM9MTY1NDAzNTkzMyZpZ3VpZD0xYzdmN2Q0OS1lM2NmLTQwZTYtYWUxNC1jMWZmOTRlYjkyMWMmaW5zaWQ9NTI1OQ&ptn=3&fclid=95efef9f-e130-11ec-8dc6-b1d4fbf069a8&u=a1aHR0cHM6Ly9lcy11cy5ub3RpY2lhcy55YWhvby5jb20vZ3VlcnJhLXJ1c2lhLXVjcmFuaWEtdml2by1ub3RpY2lhcy0wNjQ1MDk3MjQuaHRtbA&ntb=1	May 30, 2022 Â· En esta actualizaciÃ³n tambiÃ©n precisaron que el Kremlin, en 95 dÃ­as de conflicto, perdiÃ³ 207 aviones cazas, 174 helicÃ³pteros y 504 drones. AdemÃ¡s, afirman haber destruido 1338 tanques rusos, 631 piezas de artillerÃ­a, 3270 vehÃ­culos blindados de transporte de personal, 116 misiles de crucero y 13 barcos.	
Claves para entender el conflicto mapuche en Argentina y Chile	https://www.bing.com/ck/a?!&&p=b381267be8c2d7a7842abe0543c86a49b8da53cc5ee91a2fba6bb605645c5676JmltdHM9MTY1NDAzNTkzMyZpZ3VpZD0xYzdmN2Q0OS1lM2NmLTQwZTYtYWUxNC1jMWZmOTRlYjkyMWMmaW5zaWQ9NTI4MQ&ptn=3&fclid=95f006a9-e130-11ec-b403-0dc547476099&u=a1aHR0cHM6Ly9jbm5lc3Bhbm9sLmNubi5jb20vMjAyMS8xMC8xOC9jbGF2ZXMtZW50ZW5kZXItY29uZmxpY3RvLW1hcHVjaGUtYXJnZW50aW5hLWNoaWxlby1vcml4Lw&ntb=1	Oct 18, 2021 Â· Movimientos demandaron cambiar ConstituciÃ³n, dice LoncÃ³n 1:24. (CNN EspaÃ±ol) -- Un conflicto histÃ³rico difÃ­cil de resolver, que tiene a â€¦	
Tigray Conflict | Human Rights Watch	https://www.bing.com/ck/a?!&&p=f369747f779ad0148e2fa41a281ff7525ae13ffc57fca37879d391fc461cb20eJmltdHM9MTY1NDAzNTkzMyZpZ3VpZD0xYzdmN2Q0OS1lM2NmLTQwZTYtYWUxNC1jMWZmOTRlYjkyMWMmaW5zaWQ9NTMwMg&ptn=3&fclid=95f01cf0-e130-11ec-a9f1-6d5139dbcb82&u=a1aHR0cHM6Ly93d3cuaHJ3Lm9yZy90YWcvdGlncmF5LWNvbmZsaWN0&ntb=1	Mar 24, 2022 Â· Tigray Conflict. In November 2020 the Ethiopian government began military operations in the Tigray region against the regionâ€™s ruling party, the â€¦	
Â¿Por quÃ© Rusia atacÃ³ e invadiÃ³ Ucrania? Â¿CuÃ¡les son los motivos y â€¦	https://www.bing.com/ck/a?!&&p=737a01894e4b7c3d05a4e0614bd990de8f02bfc77aa75e04670473e7c8abd4ccJmltdHM9MTY1NDAzNTkzMyZpZ3VpZD0xYzdmN2Q0OS1lM2NmLTQwZTYtYWUxNC1jMWZmOTRlYjkyMWMmaW5zaWQ9NTMyNg&ptn=3&fclid=95f033a8-e130-11ec-847e-e18ebc13fa16&u=a1aHR0cHM6Ly9jbm5lc3Bhbm9sLmNubi5jb20vMjAyMi8wNS8yNC9wb3ItcXVlLXJ1c2lhLXVjcmFuaWEtZ3VlcnJhLWludmFzaW9uLW1vdGl2b3Mtb3JpeC8&ntb=1	May 24, 2022 Â· Rusia atacÃ³ Ucrania desde BelarÃºs, en el norte; desde territorio ruso, en el noreste y este; y desde Crimea, anexada en 2014, en el sur. Pero sus â€¦	
CONFLICTO Ensayo | PDF | Conflicto (proceso) | Violencia	https://www.bing.com/ck/a?!&&p=d69ade4b693d3ce1fcd40c27916dce14615f707a61269ef945a1b8764e00cda3JmltdHM9MTY1NDAzNTkzMyZpZ3VpZD0xYzdmN2Q0OS1lM2NmLTQwZTYtYWUxNC1jMWZmOTRlYjkyMWMmaW5zaWQ9NTM0NQ&ptn=3&fclid=95f049b8-e130-11ec-a3a1-f2c8feaecea9&u=a1aHR0cHM6Ly9lcy5zY3JpYmQuY29tL2RvYy82NTMzMjUxNy9DT05GTElDVE8tZW5zYXlv&ntb=1	Un conflicto consta de cuatro etapas, en su primer etapa el conflicto se presenta como un problema no resuelto; en la segunda etapa, el conflicto se desarrolla hasta llegar a la violencia; en la tercera etapa, el conflicto se transforma (1.-Disminucin de la violencia con el paso del tiempo. 2.- Eliminacin o dao entre los involucrados. 3.-	
Bosques caÃ­dos: deforestaciÃ³n y conflicto en Colombia	https://www.bing.com/ck/a?!&&p=e1dd3ac01f97a615f40afa24597fd19fcae2399ac31324f141bab9d3d66388b2JmltdHM9MTY1NDAzNTkzMyZpZ3VpZD0xYzdmN2Q0OS1lM2NmLTQwZTYtYWUxNC1jMWZmOTRlYjkyMWMmaW5zaWQ9NTM2Ng&ptn=3&fclid=95f05e13-e130-11ec-9020-8516456cd29f&u=a1aHR0cHM6Ly93d3cuY3Jpc2lzZ3JvdXAub3JnL2VzL2xhdGluLWFtZXJpY2EtY2FyaWJiZWFuL2FuZGVzL2NvbG9tYmlhLzA5MS1icm9rZW4tY2Fub3B5LWRlZm9yZXN0YXRpb24tYW5kLWNvbmZsaWN0LWNvbG9tYmlh&ntb=1	Nov 04, 2021 Â· Bosques caÃ­dos: deforestaciÃ³n y conflicto en Colombia. La inmensa selva colombiana estÃ¡ desapareciendo rÃ¡pidamente, en parte porque las guerrillas y los grupos criminales estÃ¡n talando los bosques para la agricultura, la ganaderÃ­a y otros negocios. Estas actividades no reguladas estÃ¡n causando severos daÃ±os ambientales y conflictos graves.	
Conflicto en Colombia: antecedentes histÃ³ricos y actores	https://www.bing.com/ck/a?!&&p=f9cb30ba5452e682b55404ae25adfb23a9ea695b54ad8a7a2ef1f5eb0bc57330JmltdHM9MTY1NDAzNTkzMyZpZ3VpZD0xYzdmN2Q0OS1lM2NmLTQwZTYtYWUxNC1jMWZmOTRlYjkyMWMmaW5zaWQ9NTM4Ng&ptn=3&fclid=95f0755f-e130-11ec-a679-0705ed41e274&u=a1aHR0cHM6Ly93d3cuY2lkb2Iub3JnL3B1YmxpY2FjaW9uZXMvZG9jdW1lbnRhY2lvbi9kb3NzaWVycy9kb3NzaWVyX3Byb2Nlc29fZGVfcGF6X2VuX2NvbG9tYmlhL2Rvc3NpZXJfcHJvY2Vzb19kZV9wYXpfZW5fY29sb21iaWEvY29uZmxpY3RvX2VuX2NvbG9tYmlhX2FudGVjZWRlbnRlc19oaXN0b3JpY29zX3lfYWN0b3Jlcw&ntb=1	1. Conflicto en Colombia: antecedentes histÃ³ricos y actores. La historia de Colombia en los Ãºltimos sesenta aÃ±os ha estado marcada por el conflicto armado. En sus inicios, la desigual reparticiÃ³n de la tierra y la falta de espacios para participaciÃ³n polÃ­tica dieron cabida al uso de la violencia y la lucha armada.	
Lavrov: "Los polÃ­ticos occidentales que declaran que Rusia debe ser â€¦	https://www.bing.com/ck/a?!&&p=83183efe971c6b6c6c12558ae491dcb939e2ab21f337489b02a66a59551fb499JmltdHM9MTY1NDAzNTkzMyZpZ3VpZD0xYzdmN2Q0OS1lM2NmLTQwZTYtYWUxNC1jMWZmOTRlYjkyMWMmaW5zaWQ9NTQwNQ&ptn=3&fclid=95f08aa9-e130-11ec-8040-db1efd964f71&u=a1aHR0cHM6Ly9vZHlzZWUuY29tL0BBY3R1YWxpZGFkUlQ6OS9sYXZyb3YtcnVzaWE6NA&ntb=1	Los polÃ­ticos occidentales que declaran que Rusia debe ser derrotada en el conflicto de Ucrania conocen mal la historia, afirmÃ³ el ministro de Exteriores ruso, SerguÃ©i Lavrov.	
conflict | psychology | Britannica	https://www.bing.com/ck/a?!&&p=278c5049f211eccb6921cc13bafcba15e892d2acc4c8077783a0882c3870607aJmltdHM9MTY1NDAzNTk0NSZpZ3VpZD0yNWFhMGZjYy03MTFjLTRmN2MtOThlYi00MDBmYjcyMjFmMmImaW5zaWQ9NTEyOQ&ptn=3&fclid=9d21b408-e130-11ec-a5cc-d0b0aba49e07&u=a1aHR0cHM6Ly93d3cuYnJpdGFubmljYS5jb20vc2NpZW5jZS9jb25mbGljdC1wc3ljaG9sb2d5&ntb=1	conflict, in psychology, the arousal of two or more strong motives that cannot be solved together. A youngster, for example, may want to go to a dance to feel that he belongs to a group and does what his friends do. For an adolescent in Western culture, that is a strong motive. But the youth may be a clumsy dancer and sensitive to the real or imagined ridicule of his fellows.	
#conflicto - Twitter Search / Twitter	https://www.bing.com/ck/a?!&&p=b4a2b0c66b9f6c06dac29ad7728db619aff80afe439580034fb49bf04e8c32d2JmltdHM9MTY1NDAzNTk0NSZpZ3VpZD0yNWFhMGZjYy03MTFjLTRmN2MtOThlYi00MDBmYjcyMjFmMmImaW5zaWQ9NTE1MA&ptn=3&fclid=9d21e09f-e130-11ec-a4fc-b2d73923f529&u=a1aHR0cHM6Ly90d2l0dGVyLmNvbS9oYXNodGFnL2NvbmZsaWN0bw&ntb=1	Apr 13, 2022 Â· El #conflicto entre #Rusia y Occidente por #Ucrania parece haber ido mÃ¡s allÃ¡ del Ã¡mbito #militar, ya que los medios independientes estÃ¡n siendo silenciados por #EEUU y sus aliados #OTAN. â€œToda persona q quiera ser salva debe tener una â€¦	
Conflictos armados - AmnistÃ­a Internacional	https://www.bing.com/ck/a?!&&p=0337d5ad0f77b6a7aa8e7ab258caaee182670b3cf4d032b4ec5bb6d50410356bJmltdHM9MTY1NDAzNTk0NSZpZ3VpZD0yNWFhMGZjYy03MTFjLTRmN2MtOThlYi00MDBmYjcyMjFmMmImaW5zaWQ9NTE3MQ&ptn=3&fclid=9d21fa6f-e130-11ec-8844-088045dac911&u=a1aHR0cHM6Ly93d3cuYW1uZXN0eS5vcmcvZXMvd2hhdC13ZS1kby9hcm1lZC1jb25mbGljdC8&ntb=1	Al tÃ©rmino de 2019, 79,5 millones de personas en todo el mundo habÃ­an sido objeto de desplazamiento forzado a causa de conflictos armados. Es la mayor cifra jamÃ¡s registrada. AmnistÃ­a Internacional documenta y hace campaÃ±a contra las violaciones del derecho internacional en los conflictos armados, con independencia de quienes las cometan o ...	
CONFLICTS | Fox News	https://www.bing.com/ck/a?!&&p=b8a0e1f1ea895abdacd7eef5b3c7629f4319cae17bdb228501fafdf205cedbb0JmltdHM9MTY1NDAzNTk0NSZpZ3VpZD0yNWFhMGZjYy03MTFjLTRmN2MtOThlYi00MDBmYjcyMjFmMmImaW5zaWQ9NTE5Mg&ptn=3&fclid=9d221021-e130-11ec-83c0-4e138c64bebe&u=a1aHR0cHM6Ly93d3cuZm94bmV3cy5jb20vY2F0ZWdvcnkvd29ybGQvY29uZmxpY3Rz&ntb=1	Piers Morgan dishes on Taliban interview, says 'woke' US corporations silent on misogynist Afghan rulers. Fox Nation host Piers Morgan spoke to "Hannity" about his recent interview with Taliban ...	
Conflicto armado en Colombia.	https://www.bing.com/ck/a?!&&p=df6d61282e543a4121e6f440cd47f720c6ee160fcda90119f1603365499f1f4dJmltdHM9MTY1NDAzNTk0NSZpZ3VpZD0yNWFhMGZjYy03MTFjLTRmN2MtOThlYi00MDBmYjcyMjFmMmImaW5zaWQ9NTIxNg&ptn=3&fclid=9d2234af-e130-11ec-8504-b68e22d6a0bb&u=a1aHR0cHM6Ly9jb25mbGljdG9lbmNvbG9tYmlhLmNhcnJkLmNvLw&ntb=1	El conflicto armado es el periodo de violencia interna que se ha desarrollado en Colombia desde 1960 hasta la actualidad, cabe resaltar que antes de este periodo de tiempo se evidenciaron dos periodos mÃ¡s: La Violencia y el conflicto â€¦	
Conflicto en Colombia: antecedentes histÃ³ricos y â€¦	https://www.bing.com/ck/a?!&&p=97915f8eca0d2232e182a44e04bdaa865b4281bcc167a6b6b415dd2477c8ce0cJmltdHM9MTY1NDAzNTk0NSZpZ3VpZD0yNWFhMGZjYy03MTFjLTRmN2MtOThlYi00MDBmYjcyMjFmMmImaW5zaWQ9NTI0MA&ptn=3&fclid=9d225798-e130-11ec-989b-1f8eae1fe2ad&u=a1aHR0cHM6Ly93d3cuY2lkb2Iub3JnL3B1YmxpY2FjaW9uZXMvZG9jdW1lbnRhY2lvbi9kb3NzaWVycy9kb3NzaWVyX3Byb2Nlc29fZGVfcGF6X2VuX2NvbG9tYmlhL2Rvc3NpZXJfcHJvY2Vzb19kZV9wYXpfZW5fY29sb21iaWEvY29uZmxpY3RvX2VuX2NvbG9tYmlhX2FudGVjZWRlbnRlc19oaXN0b3JpY29zX3lfYWN0b3Jlcw&ntb=1	1. Conflicto en Colombia: antecedentes histÃ³ricos y actores. La historia de Colombia en los Ãºltimos sesenta aÃ±os ha estado marcada por el conflicto armado. En sus inicios, la desigual reparticiÃ³n de la tierra y la falta de espacios para â€¦	
Guerra Rusia-Ucrania, en vivo: el Kremlin hizo frente a los rumores â€¦	https://www.bing.com/ck/a?!&&p=84aa64d67236fd7569daa949ae85b861b13d22f881b9665a22b2d8de68314579JmltdHM9MTY1NDAzNTk0NSZpZ3VpZD0yNWFhMGZjYy03MTFjLTRmN2MtOThlYi00MDBmYjcyMjFmMmImaW5zaWQ9NTI2Mw&ptn=3&fclid=9d227052-e130-11ec-a7af-5996eff4160f&u=a1aHR0cHM6Ly9lcy11cy5ub3RpY2lhcy55YWhvby5jb20vZ3VlcnJhLXJ1c2lhLXVjcmFuaWEtdml2by1ub3RpY2lhcy0wNjQ1MDk3MjQuaHRtbA&ntb=1	May 30, 2022 Â· En esta actualizaciÃ³n tambiÃ©n precisaron que el Kremlin, en 95 dÃ­as de conflicto, perdiÃ³ 207 aviones cazas, 174 helicÃ³pteros y 504 drones. AdemÃ¡s, afirman haber destruido 1338 tanques rusos, 631 piezas de artillerÃ­a, 3270 vehÃ­culos blindados de transporte de personal, 116 misiles de crucero y 13 barcos.	
10 frases sobre los conflictos para gestionarlos mejor	https://www.bing.com/ck/a?!&&p=0f0dc0d000fd3f676c522e4db64c6f4d66618fb39aff2b470c43e99a000b1cbdJmltdHM9MTY1NDAzNTk0NSZpZ3VpZD0yNWFhMGZjYy03MTFjLTRmN2MtOThlYi00MDBmYjcyMjFmMmImaW5zaWQ9NTI4OA&ptn=3&fclid=9d22950f-e130-11ec-a971-e4615ed3eb20&u=a1aHR0cHM6Ly9yaW5jb25wc2ljb2xvZ2lhLmNvbS9mcmFzZXMtc29icmUtY29uZmxpY3Rvcy8&ntb=1	3. â€œSiempre que estÃ©s en conflicto con alguien, hay un factor que puede marcar la diferencia entre daÃ±ar la relaciÃ³n y fortalecerla. Ese factor es la actitudâ€ â€“ William James. Esta frase sobre los conflictos nos recuerda que, por muy grande que â€¦	
Â¿Por quÃ© Rusia atacÃ³ e invadiÃ³ Ucrania? Â¿CuÃ¡les son los motivos y â€¦	https://www.bing.com/ck/a?!&&p=5cda4469234e387be9ea9c0c40c52ab7806bc20b0a5931920a662ad6ef3b0706JmltdHM9MTY1NDAzNTk0NSZpZ3VpZD0yNWFhMGZjYy03MTFjLTRmN2MtOThlYi00MDBmYjcyMjFmMmImaW5zaWQ9NTMxMg&ptn=3&fclid=9d22ab43-e130-11ec-b5ce-2ed7c3d9754f&u=a1aHR0cHM6Ly9jbm5lc3Bhbm9sLmNubi5jb20vMjAyMi8wNS8yNC9wb3ItcXVlLXJ1c2lhLXVjcmFuaWEtZ3VlcnJhLWludmFzaW9uLW1vdGl2b3Mtb3JpeC8&ntb=1	May 24, 2022 Â· Rusia atacÃ³ Ucrania desde BelarÃºs, en el norte; desde territorio ruso, en el noreste y este; y desde Crimea, anexada en 2014, en el sur. Pero sus â€¦	
Conflicto Rusia-Ucrania: CronologÃ­a y origen de la crisis	https://www.bing.com/ck/a?!&&p=9713458d80f311e0087a6ecf6adcf752f1f756f7f5d93a68232acae259f0a149JmltdHM9MTY1NDAzNTk0NSZpZ3VpZD0yNWFhMGZjYy03MTFjLTRmN2MtOThlYi00MDBmYjcyMjFmMmImaW5zaWQ9NTMzNA&ptn=3&fclid=9d22c36f-e130-11ec-bcca-cc31ebaa3aa7&u=a1aHR0cHM6Ly93d3cuYW50ZW5hMy5jb20vbm90aWNpYXMvbXVuZG8vcnVzaWF1Y3JhbmlhLWNyb25vbG9naWEtY29uZmxpY3RvXzIwMjIwMjAxNjFmOTc1Njk2OTAyMTgwMDAxY2JlOTUxLmh0bWw&ntb=1	Feb 02, 2022 Â· Rusia-Ucrania: CronologÃ­a de un conflicto. La crisis desatada en la frontera entre Ucrania y Rusia enfrenta a MoscÃº con Occidente y es, segÃºn los expertos, el momento mÃ¡s peligroso para Europa ...	
Concepto de conflicto - DefiniciÃ³n en DeConceptos.com	https://www.bing.com/ck/a?!&&p=5ef52c36c50ac9b2e6abcace6bc65fefec6d3179919d8dcc1c0b726d18921c97JmltdHM9MTY1NDAzNTk0NSZpZ3VpZD0yNWFhMGZjYy03MTFjLTRmN2MtOThlYi00MDBmYjcyMjFmMmImaW5zaWQ9NTM1OA&ptn=3&fclid=9d22e0a8-e130-11ec-a701-47c43990cbec&u=a1aHR0cHM6Ly9kZWNvbmNlcHRvcy5jb20vY2llbmNpYXMtc29jaWFsZXMvY29uZmxpY3Rv&ntb=1	El conflicto implica rivalidad, choque, dificultad de entendimiento, sea de un individuo consigo mismo, o con otros. El conflicto con otros, se da en todas las especies animales, pues la pelea por el territorio, por el alimento, por otro â€¦	
Conflicto organizacional: quÃ© es, tipos, etapas, ejemplos	https://www.bing.com/ck/a?!&&p=e07ff0cb6ba27b80fcbf1088f42475e2dd5c71e5f2f5dbb51de75d4a0a2a9051JmltdHM9MTY1NDAzNTk0NSZpZ3VpZD0yNWFhMGZjYy03MTFjLTRmN2MtOThlYi00MDBmYjcyMjFmMmImaW5zaWQ9NTM3OQ&ptn=3&fclid=9d22f613-e130-11ec-8aef-c5d2124c129f&u=a1aHR0cHM6Ly93d3cubGlmZWRlci5jb20vY29uZmxpY3RvLW9yZ2FuaXphY2lvbmFsLw&ntb=1	El conflicto organizacional es un estado de discordia entre los miembros de una organizaciÃ³n producto de desacuerdos, reales o percibidos, relacionados con las necesidades, valores, recursos o intereses de estos. En Ã©pocas pasadas estas situaciones eran â€¦	
Lavrov: "Los polÃ­ticos occidentales que declaran que Rusia debe ser â€¦	https://www.bing.com/ck/a?!&&p=04be665c432ae46e59ee5dbc674fdd4b9fcb2a29ee313220251c370b38b285ccJmltdHM9MTY1NDAzNTk0NSZpZ3VpZD0yNWFhMGZjYy03MTFjLTRmN2MtOThlYi00MDBmYjcyMjFmMmImaW5zaWQ9NTM5OA&ptn=3&fclid=9d230b3c-e130-11ec-af50-3e0ed46aad5c&u=a1aHR0cHM6Ly9vZHlzZWUuY29tL0BBY3R1YWxpZGFkUlQ6OS9sYXZyb3YtcnVzaWE6NA&ntb=1	Los polÃ­ticos occidentales que declaran que Rusia debe ser derrotada en el conflicto de Ucrania conocen mal la historia, afirmÃ³ el ministro de Exteriores ruso, SerguÃ©i Lavrov.	
El conflicto en las organizaciones. Tipos â€¢ gestiopolis	https://www.bing.com/ck/a?!&&p=9f6b7bdc1a145a45326b05d8aa37b3cbef6b2209d7dea7da54247dd87aaa305dJmltdHM9MTY1NDAzNTk0NSZpZ3VpZD0yNWFhMGZjYy03MTFjLTRmN2MtOThlYi00MDBmYjcyMjFmMmImaW5zaWQ9NTQxOQ&ptn=3&fclid=9d231f72-e130-11ec-b8c6-8298d37e6587&u=a1aHR0cHM6Ly93d3cuZ2VzdGlvcG9saXMuY29tL2VsLWNvbmZsaWN0by1lbi1sYXMtb3JnYW5pemFjaW9uZXMv&ntb=1	Mar 26, 2020 Â· El conflicto no se puede eliminar e incluso es benÃ©fico por el desempeÃ±o del grupo. 3. Corriente interactiva del conflicto. Es la mÃ¡s reciente y propone que los conflictos en las organizaciones pueden ser una fuerza positiva en un grupo. Para que un grupo se desempeÃ±e de manera efectiva es imprescindible un cierto grado de conflicto.	
