selection3_name	selection3_url	selection3_selection4	selection3_selection4_url	selection5	selection5_url
1996 - Wikipedia	https://www.bing.com/ck/a?!&&p=5d72012d7536e60509d25b420ca15f2cbf3eb886d4b0e6c7d589aa2c71a7ad2bJmltdHM9MTY1NDExNzQyNyZpZ3VpZD1lMmU1ZDMyOS00MWI1LTQ5MDAtYWNiYi1lMzJkOWNjZWNlZWUmaW5zaWQ9NTIxNg&ptn=3&fclid=5406cf72-e1ee-11ec-bc73-34793b510f9c&u=a1aHR0cHM6Ly9lbi53aWtpcGVkaWEub3JnL3dpa2kvMTk5Ng&ntb=1	"1996 (MCMXCVI) was a leap year starting on Monday of the Gregorian calendar, the 1996th year of the Common Era (CE) and Anno Domini (AD) designations, the 996th year of the 2nd millennium, the 96th year of the 20th century, and the 7th year of the 1990s decade.
1996 was designated as:
• International Year for the Eradication of Poverty"			https://www.bing.com/search?q=1996&sp=-1&pq=199&sc=6-3&qs=n&sk=&cvid=CADADAD528164F019B13B6D4BEF882C6&first=81&FORM=PORE
Historical Events in 1996 - On This Day	https://www.bing.com/ck/a?!&&p=cfc199a2161b5ec64ed4ad69398384a10f12575ff67c23d9e1e24e676f15cefaJmltdHM9MTY1NDExNzQyNyZpZ3VpZD1lMmU1ZDMyOS00MWI1LTQ5MDAtYWNiYi1lMzJkOWNjZWNlZWUmaW5zaWQ9NTI0Mg&ptn=3&fclid=54086496-e1ee-11ec-80ed-e09bd0f5c475&u=a1aHR0cHM6Ly93d3cub250aGlzZGF5LmNvbS9ldmVudHMvZGF0ZS8xOTk2&ntb=1				https://www.bing.com/search?q=1996&sp=-1&pq=199&sc=6-3&qs=n&sk=&cvid=CADADAD528164F019B13B6D4BEF882C6&first=81&FORM=PORE
What Happened in 1996 - Significant Events, Prices, Top Movies, …	https://www.bing.com/ck/a?!&&p=117f6d8a577b78a06c3f440788ab88a2f2b8688cce171ccbe96d36bf92a1bbcaJmltdHM9MTY1NDExNzQyNyZpZ3VpZD1lMmU1ZDMyOS00MWI1LTQ5MDAtYWNiYi1lMzJkOWNjZWNlZWUmaW5zaWQ9NTI2OA&ptn=3&fclid=5408a66a-e1ee-11ec-8841-2edb6ad3d8a7&u=a1aHR0cHM6Ly93d3cudGhlcGVvcGxlaGlzdG9yeS5jb20vMTk5Ni5odG1s&ntb=1				https://www.bing.com/search?q=1996&sp=-1&pq=199&sc=6-3&qs=n&sk=&cvid=CADADAD528164F019B13B6D4BEF882C6&first=81&FORM=PORE
1996 in the United States - Wikipedia	https://www.bing.com/ck/a?!&&p=87a4667f836053ae9e7cf23c9c1cb757edae54a0043d052becf67c4af67512bfJmltdHM9MTY1NDExNzQyNyZpZ3VpZD1lMmU1ZDMyOS00MWI1LTQ5MDAtYWNiYi1lMzJkOWNjZWNlZWUmaW5zaWQ9NTMwNw&ptn=3&fclid=540938a8-e1ee-11ec-98ce-d98a48355c2d&u=a1aHR0cHM6Ly9lbi53aWtpcGVkaWEub3JnL3dpa2kvMTk5Nl9pbl90aGVfVW5pdGVkX1N0YXRlcw&ntb=1	Events from the year 1996 in the United States.			https://www.bing.com/search?q=1996&sp=-1&pq=199&sc=6-3&qs=n&sk=&cvid=CADADAD528164F019B13B6D4BEF882C6&first=81&FORM=PORE
What happened in 1996 | TakeMeBack.to	https://www.bing.com/ck/a?!&&p=f41f89eda2dc4e5c5979e084c974cb87f39e7975df0f10af90eb3611fe714218JmltdHM9MTY1NDExNzQyNyZpZ3VpZD1lMmU1ZDMyOS00MWI1LTQ5MDAtYWNiYi1lMzJkOWNjZWNlZWUmaW5zaWQ9NTMyOQ&ptn=3&fclid=54097c6e-e1ee-11ec-b716-78cba33ce810&u=a1aHR0cHM6Ly90YWtlbWViYWNrLnRvL3llYXIvMTk5Ng&ntb=1				https://www.bing.com/search?q=1996&sp=-1&pq=199&sc=6-3&qs=n&sk=&cvid=CADADAD528164F019B13B6D4BEF882C6&first=81&FORM=PORE
What Happened In 1996 - Historical Events 1996	https://www.bing.com/ck/a?!&&p=ff61a89c7d60c0d795f21499f23ba5824510ca7eb5a5ee64e5436351c99b22f1JmltdHM9MTY1NDExNzQyNyZpZ3VpZD1lMmU1ZDMyOS00MWI1LTQ5MDAtYWNiYi1lMzJkOWNjZWNlZWUmaW5zaWQ9NTM1MA&ptn=3&fclid=5409a427-e1ee-11ec-8d7f-55c12f5c99e7&u=a1aHR0cDovL3d3dy5ldmVudHNoaXN0b3J5LmNvbS9kYXRlLzE5OTYv&ntb=1	Historical Events for the Year 1996. 1st January » Curaçao gains limited self-government, though it remains within free association with the Netherlands. 3rd January » The Motorola StarTAC, the first Flip (form) e.g flip phone and one of the first mobile phones to …			https://www.bing.com/search?q=1996&sp=-1&pq=199&sc=6-3&qs=n&sk=&cvid=CADADAD528164F019B13B6D4BEF882C6&first=81&FORM=PORE
Feature Film, Released between 1996-01-01 and 1996-12 …	https://www.bing.com/ck/a?!&&p=989c24c251effeb62b14170886b40aad48648ad9576e144fc012561d1fbd3054JmltdHM9MTY1NDExNzQyNyZpZ3VpZD1lMmU1ZDMyOS00MWI1LTQ5MDAtYWNiYi1lMzJkOWNjZWNlZWUmaW5zaWQ9NTM3MQ&ptn=3&fclid=5409ba2a-e1ee-11ec-bfd2-1b846acd1453&u=a1aHR0cHM6Ly93d3cuaW1kYi5jb20vc2VhcmNoL3RpdGxlLz95ZWFyPTE5OTYmdGl0bGVfdHlwZT1mZWF0dXJlJg&ntb=1	Karl Childers, a simple man hospitalized since his childhood murder of his mother and her lover, is released to start a new life in a small town. Director: Billy Bob Thornton | Stars: Billy Bob Thornton, Dwight Yoakam, J.T. Walsh, John Ritter. Votes: 93,193 | Gross: $24.48M.			https://www.bing.com/search?q=1996&sp=-1&pq=199&sc=6-3&qs=n&sk=&cvid=CADADAD528164F019B13B6D4BEF882C6&first=81&FORM=PORE
1996 Calendar	https://www.bing.com/ck/a?!&&p=08805351b2747b88fa55b6248ff3a26e259d29a8be3c1544abf7c16989c5d486JmltdHM9MTY1NDExNzQyNyZpZ3VpZD1lMmU1ZDMyOS00MWI1LTQ5MDAtYWNiYi1lMzJkOWNjZWNlZWUmaW5zaWQ9NTQwMA&ptn=3&fclid=5409d17b-e1ee-11ec-8cd2-ac06f4960a71&u=a1aHR0cHM6Ly93d3cuY2FsZW5kYXItMzY1LmNvbS8xOTk2LWNhbGVuZGFyLmh0bWw&ntb=1				https://www.bing.com/search?q=1996&sp=-1&pq=199&sc=6-3&qs=n&sk=&cvid=CADADAD528164F019B13B6D4BEF882C6&first=81&FORM=PORE
1996 | Disney Wiki | Fandom	https://www.bing.com/ck/a?!&&p=65de26c8494fad1a48e344280a5bb635ab845f5d4d7f81d9a0c05f98a56f71cbJmltdHM9MTY1NDExNzQyNyZpZ3VpZD1lMmU1ZDMyOS00MWI1LTQ5MDAtYWNiYi1lMzJkOWNjZWNlZWUmaW5zaWQ9NTQyMw&ptn=3&fclid=5409ee93-e1ee-11ec-8da5-3451983af802&u=a1aHR0cHM6Ly9kaXNuZXkuZmFuZG9tLmNvbS93aWtpLzE5OTY&ntb=1	Feb 02, 2019 · An overview of Disney-related events that occurred in 1996. February 2 - White Squall (Hollywood Pictures) February 16 - Muppet Treasure Island February 23 - Before and After (Hollywood Pictures with Caravan Pictures) March 1 - Up Close & Personal (Touchstone Pictures) was released to mostly negative reviews. March 8 - Homeward Bound II: Lost in San Francisco …			https://www.bing.com/search?q=1996&sp=-1&pq=199&sc=6-3&qs=n&sk=&cvid=CADADAD528164F019B13B6D4BEF882C6&first=81&FORM=PORE
Computer History for 1996	https://www.bing.com/ck/a?!&&p=b6fa1807f5633d5d6d78f82595d91677045532a8d89dd6c4e7fd79293d9a91f0JmltdHM9MTY1NDExNzQyNyZpZ3VpZD1lMmU1ZDMyOS00MWI1LTQ5MDAtYWNiYi1lMzJkOWNjZWNlZWUmaW5zaWQ9NTQ1MQ&ptn=3&fclid=540a05d8-e1ee-11ec-841f-f27ac09c4dfb&u=a1aHR0cHM6Ly93d3cuY29tcHV0ZXJob3BlLmNvbS9oaXN0b3J5LzE5OTYuaHRt&ntb=1				https://www.bing.com/search?q=1996&sp=-1&pq=199&sc=6-3&qs=n&sk=&cvid=CADADAD528164F019B13B6D4BEF882C6&first=81&FORM=PORE
1996 – Wikipedia	https://www.bing.com/ck/a?!&&p=9a20b4d750549928a41e9f65e36b86b5251ab0be8eb40e8152dafd9293c12a04JmltdHM9MTY1NDExNzQzOSZpZ3VpZD1kYTg0YjI1OS1kYzljLTQzNmQtOTIyNS1lY2NjNmRkMjFhNzkmaW5zaWQ9NTEyNQ&ptn=3&fclid=5b021b61-e1ee-11ec-9319-b4fa1dc7d730&u=a1aHR0cHM6Ly9zdi53aWtpcGVkaWEub3JnL3dpa2kvMTk5Ng&ntb=1	1996 var ett skottår som började en måndag i den gregorianska kalendern Händelser Under året. 14 ungdomar dör av ecstasy i Tyskland under årets nio första månader. [1] Januari. 1 januari. Saudiarabiens kung Fahd överlämnar av hälsoskäl de löpande regeringsaffärerna till kronprins ...			https://www.bing.com/search?q=1996&sp=-1&pq=199&sc=6-3&qs=n&sk=&cvid=CADADAD528164F019B13B6D4BEF882C6&first=81&FORM=PORE
What Happened in 1996 - On This Day	https://www.bing.com/ck/a?!&&p=af561890f4511bbf94b0aeef6f39e24d1f8d28ba8d5e94adce9ecda5f730adf8JmltdHM9MTY1NDExNzQzOSZpZ3VpZD1kYTg0YjI1OS1kYzljLTQzNmQtOTIyNS1lY2NjNmRkMjFhNzkmaW5zaWQ9NTE0OA&ptn=3&fclid=5b023d02-e1ee-11ec-8ec1-daef3f15df6e&u=a1aHR0cHM6Ly93d3cub250aGlzZGF5LmNvbS9kYXRlLzE5OTY&ntb=1	"Jul 21, 2015 · 1996 in Film & TV. Feb 23 ""Trainspotting"" directed by Danny Boyle based on the book by Irvine Welsh, starring Ewan McGregor, Robert Carlyle and Jonny Lee Miller opens in cinemas in the UK and Ireland; Mar 8 ""Fargo"" directed and written by Joel and Ethan Coen, starring Frances McDormand, William H. Macy and Steve Buscemi released in the US; Jul 21 ""The Daily Show"" …"			https://www.bing.com/search?q=1996&sp=-1&pq=199&sc=6-3&qs=n&sk=&cvid=CADADAD528164F019B13B6D4BEF882C6&first=81&FORM=PORE
Year 1996 Calendar – United States - Time and Date	https://www.bing.com/ck/a?!&&p=0eab2b38e85ad43c42497ab18cc28a565c133b55bee55fe4ba78164ce784c3c4JmltdHM9MTY1NDExNzQzOSZpZ3VpZD1kYTg0YjI1OS1kYzljLTQzNmQtOTIyNS1lY2NjNmRkMjFhNzkmaW5zaWQ9NTE2OQ&ptn=3&fclid=5b025083-e1ee-11ec-959e-1c05033cc5ed&u=a1aHR0cHM6Ly93d3cudGltZWFuZGRhdGUuY29tL2NhbGVuZGFyLz95ZWFyPTE5OTYmY291bnRyeT0x&ntb=1	1st Quarter. Full Moon. 3rd Quarter. Disable moonphases. Red –Federal Holidays and Sundays. Gray –Typical Non-working Days. Black–Other Days. Local holidays are not listed. The year 1996 is a leap year, with 366 days in total.			https://www.bing.com/search?q=1996&sp=-1&pq=199&sc=6-3&qs=n&sk=&cvid=CADADAD528164F019B13B6D4BEF882C6&first=81&FORM=PORE
1996 – Wikipédia, a enciclopédia livre	https://www.bing.com/ck/a?!&&p=21eb47aaacfc4ec53467b6e4d024de025663b7d1fbb4c32abe1163c1d246a08fJmltdHM9MTY1NDExNzQzOSZpZ3VpZD1kYTg0YjI1OS1kYzljLTQzNmQtOTIyNS1lY2NjNmRkMjFhNzkmaW5zaWQ9NTE5MA&ptn=3&fclid=5b026262-e1ee-11ec-8701-691c148b6aa6&u=a1aHR0cHM6Ly9wdC53aWtpcGVkaWEub3JnL3dpa2kvMTk5Ng&ntb=1	1996. Origem: Wikipédia, a enciclopédia livre. 1996 ( MCMXCVI, na numeração romana) foi um ano bissexto do século XX que começou numa segunda-feira, segundo o calendário gregoriano. As suas letras dominicais foram GF. A terça-feira de Carnaval ocorreu a 20 de fevereiro e o domingo de Páscoa a 7 de abril. Segundo o horóscopo chinês ...			https://www.bing.com/search?q=1996&sp=-1&pq=199&sc=6-3&qs=n&sk=&cvid=CADADAD528164F019B13B6D4BEF882C6&first=81&FORM=PORE
Feature Film, Released between 1996-01-01 and 1996-12-31 …	https://www.bing.com/ck/a?!&&p=774a0b6e8967c8f591a98323e858cba87a7f24bb2cbe23e2e8cc7cb1cb45d23cJmltdHM9MTY1NDExNzQzOSZpZ3VpZD1kYTg0YjI1OS1kYzljLTQzNmQtOTIyNS1lY2NjNmRkMjFhNzkmaW5zaWQ9NTIxMQ&ptn=3&fclid=5b02763a-e1ee-11ec-97a7-a066f7036425&u=a1aHR0cHM6Ly93d3cuaW1kYi5jb20vc2VhcmNoL3RpdGxlLz95ZWFyPTE5OTYmdGl0bGVfdHlwZT1mZWF0dXJlJg&ntb=1	Karl Childers, a simple man hospitalized since his childhood murder of his mother and her lover, is released to start a new life in a small town. Director: Billy Bob Thornton | Stars: Billy Bob Thornton, Dwight Yoakam, J.T. Walsh, John Ritter. Votes: 93,193 | Gross: $24.48M.			https://www.bing.com/search?q=1996&sp=-1&pq=199&sc=6-3&qs=n&sk=&cvid=CADADAD528164F019B13B6D4BEF882C6&first=81&FORM=PORE
Year 1996 Fun Facts, Trivia, and History - HobbyLark	https://www.bing.com/ck/a?!&&p=91cd97b640b2960ebe31ec032ce551d22302538345d9c80ca6e1a1b880dd6423JmltdHM9MTY1NDExNzQzOSZpZ3VpZD1kYTg0YjI1OS1kYzljLTQzNmQtOTIyNS1lY2NjNmRkMjFhNzkmaW5zaWQ9NTIzNg&ptn=3&fclid=5b02882c-e1ee-11ec-8606-4c6e2d742e3e&u=a1aHR0cHM6Ly9ob2JieWxhcmsuY29tL3BhcnR5LWdhbWVzLzE5OTYtRnVuLUZhY3RzLWFuZC1Db29sLVRyaXZpYQ&ntb=1	Jun 25, 2019 · This article teaches you fun facts, trivia, and history events from the year 1996. Find out about popular TV shows, movies, music, books, foods, sports facts, political and economic news, advances in science and medicine, famous birthdays, and other cool pop culture trends to get the right mix of questions and answers for your 1990s-themed trivia quiz.			https://www.bing.com/search?q=1996&sp=-1&pq=199&sc=6-3&qs=n&sk=&cvid=CADADAD528164F019B13B6D4BEF882C6&first=81&FORM=PORE
Best Movies of 1996 - IMDb	https://www.bing.com/ck/a?!&&p=ec526c218a11e1419e6953f194c799307b0c67baf3548937f450762a2d626143JmltdHM9MTY1NDExNzQzOSZpZ3VpZD1kYTg0YjI1OS1kYzljLTQzNmQtOTIyNS1lY2NjNmRkMjFhNzkmaW5zaWQ9NTI1Nw&ptn=3&fclid=5b029a82-e1ee-11ec-9de8-d455f0f7c0f8&u=a1aHR0cHM6Ly93d3cuaW1kYi5jb20vbGlzdC9sczA1OTMxNzQwNy8&ntb=1	Reunited by the death of a college friend, three divorced women seek revenge on the husbands who left them for younger women. Director: Hugh Wilson | Stars: Goldie Hawn, Bette Midler, Diane Keaton, Maggie Smith. Votes: 48,567 | Gross: $105.49M. 27. The Birdcage (1996) R | 117 min | …			https://www.bing.com/search?q=1996&sp=-1&pq=199&sc=6-3&qs=n&sk=&cvid=CADADAD528164F019B13B6D4BEF882C6&first=81&FORM=PORE
1996 Calendar	https://www.bing.com/ck/a?!&&p=a2134c443133d88cb30918db093d9455c795f8d12fae92fcf9da96c10c91fd4fJmltdHM9MTY1NDExNzQzOSZpZ3VpZD1kYTg0YjI1OS1kYzljLTQzNmQtOTIyNS1lY2NjNmRkMjFhNzkmaW5zaWQ9NTI4Mw&ptn=3&fclid=5b02ab4e-e1ee-11ec-bbce-9f082cac4d75&u=a1aHR0cHM6Ly93d3cuY2FsZW5kYXItMzY1LmNvbS8xOTk2LWNhbGVuZGFyLmh0bWw&ntb=1	May 28, 2022 · The 1996 calendar is automatically generated and can always be visited online. Also month calendars in 1996 including week numbers can be viewed at any time by clicking on one of the above months. Additionally you can view also leap years, daylight saving, current moon phase in 1996, moon calendar 1996, world clocks and more by selecting an ...			https://www.bing.com/search?q=1996&sp=-1&pq=199&sc=6-3&qs=n&sk=&cvid=CADADAD528164F019B13B6D4BEF882C6&first=81&FORM=PORE
Health Insurance Portability and Accountability Act of 1996 …	https://www.bing.com/ck/a?!&&p=7e22511334089c95560fbf4939f60c31f67e625adc357bc4994e3cdaae9c89a4JmltdHM9MTY1NDExNzQzOSZpZ3VpZD1kYTg0YjI1OS1kYzljLTQzNmQtOTIyNS1lY2NjNmRkMjFhNzkmaW5zaWQ9NTMwNw&ptn=3&fclid=5b02bc8e-e1ee-11ec-866e-76de76274d7f&u=a1aHR0cHM6Ly93d3cuY2RjLmdvdi9waGxwL3B1YmxpY2F0aW9ucy90b3BpYy9oaXBhYS5odG1s&ntb=1	HIPAA Security Rule. The Health Insurance Portability and Accountability Act of 1996 (HIPAA) is a federal law that required the creation of national standards to protect sensitive patient health information from being disclosed without the patient’s consent or knowledge. The US Department of Health and Human Services (HHS) issued the HIPAA ...			https://www.bing.com/search?q=1996&sp=-1&pq=199&sc=6-3&qs=n&sk=&cvid=CADADAD528164F019B13B6D4BEF882C6&first=81&FORM=PORE
1996 New York Yankees Statistics | Baseball-Reference.com	https://www.bing.com/ck/a?!&&p=628461ff94057c27a98c1c808cc740279ff8534dc5be8c1b992272d321c35277JmltdHM9MTY1NDExNzQzOSZpZ3VpZD1kYTg0YjI1OS1kYzljLTQzNmQtOTIyNS1lY2NjNmRkMjFhNzkmaW5zaWQ9NTMzMA&ptn=3&fclid=5b02cc90-e1ee-11ec-b201-54ff5bfe87f7&u=a1aHR0cHM6Ly93d3cuYmFzZWJhbGwtcmVmZXJlbmNlLmNvbS90ZWFtcy9OWVkvMTk5Ni5zaHRtbA&ntb=1	Sep 15, 2011 · Record: 92-70-0, Finished 1st in AL_East (Schedule and Results) Postseason: Won World Series (4-2) over Atlanta Braves Won AL Championship Series (4-1) over Baltimore Orioles Won AL Division Series (3-1) over Texas Rangers Manager: Joe Torre (92-70) General Manager: Bob Watson Farm Director: Mitch Lukevics			https://www.bing.com/search?q=1996&sp=-1&pq=199&sc=6-3&qs=n&sk=&cvid=CADADAD528164F019B13B6D4BEF882C6&first=81&FORM=PORE
1996 Ford Mustang Values & Cars for Sale | Kelley Blue Book	https://www.bing.com/ck/a?!&&p=6fc3f10d37907619f6d44a7924ec5afa2ee9a8dd3f2c8543df670490486129edJmltdHM9MTY1NDExNzQzOSZpZ3VpZD1kYTg0YjI1OS1kYzljLTQzNmQtOTIyNS1lY2NjNmRkMjFhNzkmaW5zaWQ9NTM1Mw&ptn=3&fclid=5b02df19-e1ee-11ec-be7b-a964580f33cf&u=a1aHR0cHM6Ly93d3cua2JiLmNvbS9mb3JkL211c3RhbmcvMTk5Ni8&ntb=1	Learn more about the 1996 Ford Mustang. Get 1996 Ford Mustang values, consumer reviews, safety ratings, and find cars for sale near you.			https://www.bing.com/search?q=1996&sp=-1&pq=199&sc=6-3&qs=n&sk=&cvid=CADADAD528164F019B13B6D4BEF882C6&first=81&FORM=PORE
1996 Chinese Zodiac, Fire Rat: 2022 Horoscope, Characteristics	https://www.bing.com/ck/a?!&&p=b63a39c587e46ece3ba51f837ee453804856c9aae0d2c11020457ee0f79ea0d6JmltdHM9MTY1NDExNzQzOSZpZ3VpZD1kYTg0YjI1OS1kYzljLTQzNmQtOTIyNS1lY2NjNmRkMjFhNzkmaW5zaWQ9NTM3NQ&ptn=3&fclid=5b02eed2-e1ee-11ec-acaf-199730dc0d6a&u=a1aHR0cHM6Ly93d3cudHJhdmVsY2hpbmFndWlkZS5jb20vaW50cm8vMTk5Ni1jaGluZXNlLXpvZGlhYy1yYXQteWVhci5odG0&ntb=1	Jan 06, 2022 · The 1996 Chinese zodiac Fire Rat are smart, capable and generous, and they are good at socializing. They respond quickly and have strong environmental adaptability. They like all kinds of activities and can always provide interesting ideas. 1996 Chinese zodiac characteristics are very kind and considerate, so they can easily get along well with ...			https://www.bing.com/search?q=1996&sp=-1&pq=199&sc=6-3&qs=n&sk=&cvid=CADADAD528164F019B13B6D4BEF882C6&first=81&FORM=PORE
1996 | Wellesley College	https://www.bing.com/ck/a?!&&p=5698b5f551ce738c06b4450d60050b3be1f0d9ce2f436ef87a155d4df7841928JmltdHM9MTY1NDExNzQzOSZpZ3VpZD1kYTg0YjI1OS1kYzljLTQzNmQtOTIyNS1lY2NjNmRkMjFhNzkmaW5zaWQ9NTM5Ng&ptn=3&fclid=5b030254-e1ee-11ec-a7bb-d3c1ce2566b2&u=a1aHR0cHM6Ly93d3cud2VsbGVzbGV5LmVkdS9ldmVudHMvY29tbWVuY2VtZW50L2FyY2hpdmVzLzE5OTZjb21tZW5jZW1lbnQ&ntb=1	It's 1996, and you are graduating from Wellesley in the Year of the Wonderbra. The Wonderbra is not a step forward for women. Nothing that hurts that much is a step forward for women. What I'm saying is, don't delude yourself that the powerful cultural values that wrecked the lives of so many of my classmates have vanished from the earth.			https://www.bing.com/search?q=1996&sp=-1&pq=199&sc=6-3&qs=n&sk=&cvid=CADADAD528164F019B13B6D4BEF882C6&first=81&FORM=PORE
1996 New York Yankees Roster by Baseball Almanac	https://www.bing.com/ck/a?!&&p=6d125fd26cf887b4714e3d8d4fe10583de83fea92da6a24c8b4dd920258bd8a9JmltdHM9MTY1NDExNzQzOSZpZ3VpZD1kYTg0YjI1OS1kYzljLTQzNmQtOTIyNS1lY2NjNmRkMjFhNzkmaW5zaWQ9NTQxNw&ptn=3&fclid=5b031397-e1ee-11ec-beb7-93d10fe4e6d5&u=a1aHR0cHM6Ly93d3cuYmFzZWJhbGwtYWxtYW5hYy5jb20vdGVhbXN0YXRzL3Jvc3Rlci5waHA_eT0xOTk2JnQ9TllB&ntb=1	The 1996 New York Yankees team roster seen on this page includes every player who appeared in a game during the 1996 season. It is a comprehensive team roster and player names are sorted by the fielding position where the most number of games were played during the regular season. Every player's name links to their career statistics.			https://www.bing.com/search?q=1996&sp=-1&pq=199&sc=6-3&qs=n&sk=&cvid=CADADAD528164F019B13B6D4BEF882C6&first=81&FORM=PORE
Year 1996 Calendar – United States - Time and Date	https://www.bing.com/ck/a?!&&p=257897c32675317ae2168fcf336a97a33f322b99d3e46b08616008076f0989e0JmltdHM9MTY1NDExNzQ1MSZpZ3VpZD1kNWZjYjFlYS0wMjcxLTRhOTctODFlOC0yMDQ4NjA0ZjFlNTUmaW5zaWQ9NTEyNQ&ptn=3&fclid=622d8783-e1ee-11ec-abd1-0e7ef8c1ce10&u=a1aHR0cHM6Ly93d3cudGltZWFuZGRhdGUuY29tL2NhbGVuZGFyLz95ZWFyPTE5OTYmY291bnRyeT0x&ntb=1	1st Quarter. Full Moon. 3rd Quarter. Disable moonphases. Red –Federal Holidays and Sundays. Gray –Typical Non-working Days. Black–Other Days. Local holidays are not listed. The year 1996 is a leap year, with 366 days in total.			https://www.bing.com/search?q=1996&sp=-1&pq=199&sc=6-3&qs=n&sk=&cvid=CADADAD528164F019B13B6D4BEF882C6&first=81&FORM=PORE
Year 1996 Fun Facts, Trivia, and History - HobbyLark	https://www.bing.com/ck/a?!&&p=e528f0557e86aaeb539996d8de497c0cc2f9613bbc05c782a2baba0553fc295bJmltdHM9MTY1NDExNzQ1MSZpZ3VpZD1kNWZjYjFlYS0wMjcxLTRhOTctODFlOC0yMDQ4NjA0ZjFlNTUmaW5zaWQ9NTE1Mg&ptn=3&fclid=622db760-e1ee-11ec-9b56-d56e36a55e61&u=a1aHR0cHM6Ly9ob2JieWxhcmsuY29tL3BhcnR5LWdhbWVzLzE5OTYtRnVuLUZhY3RzLWFuZC1Db29sLVRyaXZpYQ&ntb=1				https://www.bing.com/search?q=1996&sp=-1&pq=199&sc=6-3&qs=n&sk=&cvid=CADADAD528164F019B13B6D4BEF882C6&first=81&FORM=PORE
Atlanta 1996 Summer Olympics - Athletes, Medals & Results	https://www.bing.com/ck/a?!&&p=828b16abe5db0b83cfdf3d9526eca8f8b6f90b129a745a34ac363fe78f15e7afJmltdHM9MTY1NDExNzQ1MSZpZ3VpZD1kNWZjYjFlYS0wMjcxLTRhOTctODFlOC0yMDQ4NjA0ZjFlNTUmaW5zaWQ9NTE3NA&ptn=3&fclid=622dc985-e1ee-11ec-abc0-3ec1cf6fb612&u=a1aHR0cHM6Ly9vbHltcGljcy5jb20vZW4vb2x5bXBpYy1nYW1lcy9hdGxhbnRhLTE5OTY&ntb=1	The 1996 Games were given a dramatic and emotional start when the cauldron was lit by sporting legend Muhammad Ali. Next to the site of the main competition venues was an open area known as the Centennial Olympic Park. The park appeared to be part of the Games, but was not actually a part of the Olympic security system. ...			https://www.bing.com/search?q=1996&sp=-1&pq=199&sc=6-3&qs=n&sk=&cvid=CADADAD528164F019B13B6D4BEF882C6&first=81&FORM=PORE
1996年 - 维基百科，自由的百科全书	https://www.bing.com/ck/a?!&&p=d6fcb41e6032b25c9a02aa1d963b5dd73c589976893cbb45d5772981766c6095JmltdHM9MTY1NDExNzQ1MSZpZ3VpZD1kNWZjYjFlYS0wMjcxLTRhOTctODFlOC0yMDQ4NjA0ZjFlNTUmaW5zaWQ9NTE5NQ&ptn=3&fclid=622ddbdd-e1ee-11ec-9c7a-e8dfe1373c17&u=a1aHR0cHM6Ly96aC53aWtpcGVkaWEub3JnL3dpa2kvMTk5NiVFNSVCOSVCNA&ntb=1	1996年: 政治: 国家领导人. 科技: 天文 – 科技 – 铁路. 文化娛樂: 电影 – 文学 – 音乐 – 遊戲 – 電視節目 （ 中国大陆电视剧 – 台湾电视剧 ）. 體育: 體育 – 足球 – 籃球 – 棒球 – 撞球. 區域: 中国大陆 – 上海 – 香港 – 澳門 – 臺灣 – 日本 – 北朝鲜 – 韩国 – 马来西亚 – 新加坡 – 歐洲 ...			https://www.bing.com/search?q=1996&sp=-1&pq=199&sc=6-3&qs=n&sk=&cvid=CADADAD528164F019B13B6D4BEF882C6&first=81&FORM=PORE
How old am I if I was born in 1996? (1996 to 2022 Age)	https://www.bing.com/ck/a?!&&p=e3ea5f22810ea0ff98da8e0b7a9cee168233ba08d9232bcbd4d466374aad3a03JmltdHM9MTY1NDExNzQ1MSZpZ3VpZD1kNWZjYjFlYS0wMjcxLTRhOTctODFlOC0yMDQ4NjA0ZjFlNTUmaW5zaWQ9NTIxOA&ptn=3&fclid=622dee49-e1ee-11ec-aeac-35d63bb89448&u=a1aHR0cHM6Ly9hZ2VjYWxjdWxhdG9yLm1lL3llYXIvMTk5Ng&ntb=1	Aug 12, 2018 · 01 January 1996, Monday. 26 Years, 4 Months, 0 Days. or 316 months, or 1373 weeks, or 9617 days, or 13848480 minutes, or 830908800 seconds (approx.) 02 January 1996, Tuesday. 26 Years, 3 Months, 29 Days. or 315 months, or 1373 weeks, or 9616 days, or 13847040 minutes, or 830822400 seconds (approx.)			https://www.bing.com/search?q=1996&sp=-1&pq=199&sc=6-3&qs=n&sk=&cvid=CADADAD528164F019B13B6D4BEF882C6&first=81&FORM=PORE
H.R.1996 - SAFE Banking Act of 2021 117th Congress (2021 …	https://www.bing.com/ck/a?!&&p=12de50cc7f9897db332ae37035170a2b38d737e4571e1557c196557607faa9e3JmltdHM9MTY1NDExNzQ1MSZpZ3VpZD1kNWZjYjFlYS0wMjcxLTRhOTctODFlOC0yMDQ4NjA0ZjFlNTUmaW5zaWQ9NTI0MA&ptn=3&fclid=622e0125-e1ee-11ec-bd24-2a9e19fad079&u=a1aHR0cHM6Ly93d3cuY29uZ3Jlc3MuZ292L2JpbGwvMTE3dGgtY29uZ3Jlc3MvaG91c2UtYmlsbC8xOTk2&ntb=1	Mar 18, 2021 · Secure and Fair Enforcement Banking Act of 2021 or the SAFE Banking Act of 2021. This bill generally prohibits a federal banking regulator from penalizing a depository institution for providing banking services to a legitimate cannabis-related business. Prohibited penalties include terminating or limiting the deposit insurance or share ...			https://www.bing.com/search?q=1996&sp=-1&pq=199&sc=6-3&qs=n&sk=&cvid=CADADAD528164F019B13B6D4BEF882C6&first=81&FORM=PORE
1996 | Brickset: LEGO set guide and database	https://www.bing.com/ck/a?!&&p=33f21ffd6e0eb58bb13b58ba6b2d07deefc647bd85265636a186e7cf1b458c74JmltdHM9MTY1NDExNzQ1MSZpZ3VpZD1kNWZjYjFlYS0wMjcxLTRhOTctODFlOC0yMDQ4NjA0ZjFlNTUmaW5zaWQ9NTI2Ng&ptn=3&fclid=622e18bd-e1ee-11ec-ab86-9b4622327789&u=a1aHR0cHM6Ly9icmlja3NldC5jb20vc2V0cy95ZWFyLTE5OTY&ntb=1				https://www.bing.com/search?q=1996&sp=-1&pq=199&sc=6-3&qs=n&sk=&cvid=CADADAD528164F019B13B6D4BEF882C6&first=81&FORM=PORE
1996 Honda Accord Specs, Price, MPG & Reviews	https://www.bing.com/ck/a?!&&p=fdc8a729b6c2f12a368ebaf5113c647be8cc9cce8379d227cf1ad55b4290791aJmltdHM9MTY1NDExNzQ1MSZpZ3VpZD1kNWZjYjFlYS0wMjcxLTRhOTctODFlOC0yMDQ4NjA0ZjFlNTUmaW5zaWQ9NTI5Mw&ptn=3&fclid=622e30cd-e1ee-11ec-a432-ead85c677307&u=a1aHR0cHM6Ly93d3cuY2Fycy5jb20vcmVzZWFyY2gvaG9uZGEtYWNjb3JkLTE5OTYv&ntb=1				https://www.bing.com/search?q=1996&sp=-1&pq=199&sc=6-3&qs=n&sk=&cvid=CADADAD528164F019B13B6D4BEF882C6&first=81&FORM=PORE
1996 NBA Draft | Basketball-Reference.com	https://www.bing.com/ck/a?!&&p=a187ca79eccb021c3ebfbdceffd4b59b9dd7bc64063c27912d47df942032053aJmltdHM9MTY1NDExNzQ1MSZpZ3VpZD1kNWZjYjFlYS0wMjcxLTRhOTctODFlOC0yMDQ4NjA0ZjFlNTUmaW5zaWQ9NTMxNg&ptn=3&fclid=622e4302-e1ee-11ec-bb10-292f1d09f447&u=a1aHR0cHM6Ly93d3cuYmFza2V0YmFsbC1yZWZlcmVuY2UuY29tL2RyYWZ0L05CQV8xOTk2Lmh0bWw&ntb=1	Jun 26, 1996 · 1996 NBA Draft. 1996. NBA. Draft. Click the Team for players drafted by that franchise. Click the College for players drafted from that college. Click the Pk for players drafted in that slot. » Visit our Draft Finder tool to search all drafts from 1947 until 2021 using custom criteria.			https://www.bing.com/search?q=1996&sp=-1&pq=199&sc=6-3&qs=n&sk=&cvid=CADADAD528164F019B13B6D4BEF882C6&first=81&FORM=PORE
Used 1996 Chevrolet Impala for Sale Near Me	https://www.bing.com/ck/a?!&&p=a7109498a35da896d607f57c2ec853e75d879d5ed573ca7b9654a3b6c076f9aaJmltdHM9MTY1NDExNzQ1MSZpZ3VpZD1kNWZjYjFlYS0wMjcxLTRhOTctODFlOC0yMDQ4NjA0ZjFlNTUmaW5zaWQ9NTM0Mw&ptn=3&fclid=622e5d27-e1ee-11ec-bfc9-e85a21fab633&u=a1aHR0cHM6Ly93d3cuZWRtdW5kcy5jb20vY2hldnJvbGV0L2ltcGFsYS8xOTk2Lw&ntb=1				https://www.bing.com/search?q=1996&sp=-1&pq=199&sc=6-3&qs=n&sk=&cvid=CADADAD528164F019B13B6D4BEF882C6&first=81&FORM=PORE
1996 Masters Tournament: Norman's Infamous Collapse	https://www.bing.com/ck/a?!&&p=ba5eb014e45214b51b5139bde82960e92fd093ec0a26c58af5d35b2922784ae6JmltdHM9MTY1NDExNzQ1MSZpZ3VpZD1kNWZjYjFlYS0wMjcxLTRhOTctODFlOC0yMDQ4NjA0ZjFlNTUmaW5zaWQ9NTM2Ng&ptn=3&fclid=622e71db-e1ee-11ec-8b13-7e5550475262&u=a1aHR0cHM6Ly93d3cubGl2ZWFib3V0LmNvbS8xOTk2LW1hc3RlcnMtbm9ybWFucy1jb2xsYXBzZS10dXJucy1pbnRvLWZhbGRvcy1ncmVlbi1qYWNrZXQtMTU2NTAwMA&ntb=1	Nov 04, 2019 · 1996 Masters: Norman's Collapse Turns Into Faldo's Green Jacket. A dejected Greg Norman during the final round of the 1996 Masters. David Cannon/Getty Images. Brent Kelley is an award-winning sports journalist and golf expert with over 30 years in print and online journalism. It's remembered as one of the epic collapses in major championship ...			https://www.bing.com/search?q=1996&sp=-1&pq=199&sc=6-3&qs=n&sk=&cvid=CADADAD528164F019B13B6D4BEF882C6&first=81&FORM=PORE
1996 NFL Draft Listing | Pro-Football-Reference.com	https://www.bing.com/ck/a?!&&p=5a4cac645c73d083dbb9db39fb3a356898d5e5aacd764f229a1084fac58d29f6JmltdHM9MTY1NDExNzQ1MSZpZ3VpZD1kNWZjYjFlYS0wMjcxLTRhOTctODFlOC0yMDQ4NjA0ZjFlNTUmaW5zaWQ9NTM4OA&ptn=3&fclid=622e84ff-e1ee-11ec-91f2-cb738106dbc3&u=a1aHR0cHM6Ly93d3cucHJvLWZvb3RiYWxsLXJlZmVyZW5jZS5jb20veWVhcnMvMTk5Ni9kcmFmdC5odG0&ntb=1	Apr 1, 1996: Ravens traded 1996 5th round pick (157th overall, Kenneth McDaniel) to Cowboys for 1997 4th round pick (118th overall, Tyrus McCloud) Apr 8, 1996: Redskins traded 1996 1st round pick (6th overall, Lawrence Phillips) to Rams for Sean Gilbert. Apr 12, 1996: Lions traded 1996 2nd round pick (55th overall subsequently traded, DeRon ...			https://www.bing.com/search?q=1996&sp=-1&pq=199&sc=6-3&qs=n&sk=&cvid=CADADAD528164F019B13B6D4BEF882C6&first=81&FORM=PORE
Top News Stories from 1996 | Infoplease	https://www.bing.com/ck/a?!&&p=5f25a4e638d4b8381d2da2d36d1764d1d53578829e5cafb45fd70d7fcc092c30JmltdHM9MTY1NDExNzQ1MSZpZ3VpZD1kNWZjYjFlYS0wMjcxLTRhOTctODFlOC0yMDQ4NjA0ZjFlNTUmaW5zaWQ9NTQwOQ&ptn=3&fclid=622e9803-e1ee-11ec-8b96-6beb4d422740&u=a1aHR0cHM6Ly93d3cuaW5mb3BsZWFzZS5jb20veWVhci8xOTk2&ntb=1	US budget crisis in fourth month (Jan 3). Clinton approves resumption of many government operations (Jan. 6). Bob Dole sweeps primaries (March 5). F.B.I. arrests suspected Unabomber (April 3). Clinton signs line-item veto bill (April 9). President blocks ban on late-term abortions (April 10). Valujet crashes in Everglades; all 110 aboard killed ...			https://www.bing.com/search?q=1996&sp=-1&pq=199&sc=6-3&qs=n&sk=&cvid=CADADAD528164F019B13B6D4BEF882C6&first=81&FORM=PORE
1996 - Plane Crash Info	https://www.bing.com/ck/a?!&&p=88fb0c8016f2203f852abc6c6da11b5b0ce98a1b0e388f027e772eed0527021dJmltdHM9MTY1NDExNzQ1MSZpZ3VpZD1kNWZjYjFlYS0wMjcxLTRhOTctODFlOC0yMDQ4NjA0ZjFlNTUmaW5zaWQ9NTQzMQ&ptn=3&fclid=622ea8f6-e1ee-11ec-be7d-026089543661&u=a1aHR0cDovL3BsYW5lY3Jhc2hpbmZvLmNvbS8xOTk2LzE5OTYuaHRt&ntb=1	Feb 09, 2010 · St. Johns, Arizona. Business Air Connection. ConvairCV-440. N131T. 4/4 (0) 06 Feb 1996. Off Puerto Plata, Domincan Republic. Alas Nacionales, leased from Birgen Air. Boeing B …			https://www.bing.com/search?q=1996&sp=-1&pq=199&sc=6-3&qs=n&sk=&cvid=CADADAD528164F019B13B6D4BEF882C6&first=81&FORM=PORE
What Happened In 1996 - Historical Events 1996	https://www.bing.com/ck/a?!&&p=a862292a8483ce78d60c2f8cf16121d7285e9f1ccd86453651b27f4c76b13cb8JmltdHM9MTY1NDExNzQ2MyZpZ3VpZD1lNTIxMDhjMC05M2E0LTQzYzEtOGEzYi0zNWZlODliNTg3OGUmaW5zaWQ9NTEyNg&ptn=3&fclid=694f8cd3-e1ee-11ec-a51c-6b10ec165b5a&u=a1aHR0cDovL3d3dy5ldmVudHNoaXN0b3J5LmNvbS9kYXRlLzE5OTYv&ntb=1	Historical Events for the Year 1996. 1st January » Curaçao gains limited self-government, though it remains within free association with the Netherlands. 3rd January » The Motorola StarTAC, the first Flip (form) e.g flip phone and one of the first mobile phones to …			https://www.bing.com/search?q=1996&sp=-1&pq=199&sc=6-3&qs=n&sk=&cvid=CADADAD528164F019B13B6D4BEF882C6&first=81&FORM=PORE
Top News Stories from 1996 | Infoplease	https://www.bing.com/ck/a?!&&p=6593b4beac6dd252519e4d23b45ae0e13c6cc6f6e1e9e1d68f3f6b31d1d1f5cfJmltdHM9MTY1NDExNzQ2MyZpZ3VpZD1lNTIxMDhjMC05M2E0LTQzYzEtOGEzYi0zNWZlODliNTg3OGUmaW5zaWQ9NTE0Nw&ptn=3&fclid=694fab5e-e1ee-11ec-b8cb-b55e46787f3e&u=a1aHR0cHM6Ly93d3cuaW5mb3BsZWFzZS5jb20veWVhci8xOTk2&ntb=1	US budget crisis in fourth month (Jan 3). Clinton approves resumption of many government operations (Jan. 6). Bob Dole sweeps primaries (March 5). F.B.I. arrests suspected Unabomber (April 3). Clinton signs line-item veto bill (April 9). President blocks ban on late-term abortions (April 10). Valujet crashes in Everglades; all 110 aboard killed ...			https://www.bing.com/search?q=1996&sp=-1&pq=199&sc=6-3&qs=n&sk=&cvid=CADADAD528164F019B13B6D4BEF882C6&first=81&FORM=PORE
United States presidential election of 1996 | History …	https://www.bing.com/ck/a?!&&p=5f0dc854990dbea81736524b166db450459251a26db6a577bdb8ab5ea63bc07bJmltdHM9MTY1NDExNzQ2MyZpZ3VpZD1lNTIxMDhjMC05M2E0LTQzYzEtOGEzYi0zNWZlODliNTg3OGUmaW5zaWQ9NTE3NA&ptn=3&fclid=694fcf6c-e1ee-11ec-94dc-5d9bc997bbab&u=a1aHR0cHM6Ly93d3cuYnJpdGFubmljYS5jb20vZXZlbnQvVW5pdGVkLVN0YXRlcy1wcmVzaWRlbnRpYWwtZWxlY3Rpb24tb2YtMTk5Ng&ntb=1				https://www.bing.com/search?q=1996&sp=-1&pq=199&sc=6-3&qs=n&sk=&cvid=CADADAD528164F019B13B6D4BEF882C6&first=81&FORM=PORE
Season 1996 | UEFA EURO 1996 | UEFA.com	https://www.bing.com/ck/a?!&&p=1e047f9fbdc3ada0b8c5f60a1555b4dff5fb2ac240f71496f6db9a0f8bb63fd3JmltdHM9MTY1NDExNzQ2MyZpZ3VpZD1lNTIxMDhjMC05M2E0LTQzYzEtOGEzYi0zNWZlODliNTg3OGUmaW5zaWQ9NTE5NQ&ptn=3&fclid=694fe400-e1ee-11ec-a9fe-55221cf33163&u=a1aHR0cHM6Ly93d3cudWVmYS5jb20vdWVmYWV1cm8vaGlzdG9yeS9zZWFzb25zLzE5OTYv&ntb=1	1996 Season. Winners Germany. Bierhoff gives Germany third title Overview Matches Groups Stats Teams notitle notitle Live. Editor's pick. EURO '96: all you need to know ...			https://www.bing.com/search?q=1996&sp=-1&pq=199&sc=6-3&qs=n&sk=&cvid=CADADAD528164F019B13B6D4BEF882C6&first=81&FORM=PORE
H.R.1996 - SAFE Banking Act of 2021 117th Congress (2021 …	https://www.bing.com/ck/a?!&&p=2564d301fd0e65033e8edf161a05e0d14ac452174c06fb103891edc251696f6fJmltdHM9MTY1NDExNzQ2MyZpZ3VpZD1lNTIxMDhjMC05M2E0LTQzYzEtOGEzYi0zNWZlODliNTg3OGUmaW5zaWQ9NTIxNw&ptn=3&fclid=694ff6d1-e1ee-11ec-842e-a987c495e75e&u=a1aHR0cHM6Ly93d3cuY29uZ3Jlc3MuZ292L2JpbGwvMTE3dGgtY29uZ3Jlc3MvaG91c2UtYmlsbC8xOTk2&ntb=1	Mar 18, 2021 · Secure and Fair Enforcement Banking Act of 2021 or the SAFE Banking Act of 2021. This bill generally prohibits a federal banking regulator from penalizing a depository institution for providing banking services to a legitimate cannabis-related business. Prohibited penalties include terminating or limiting the deposit insurance or share ...			https://www.bing.com/search?q=1996&sp=-1&pq=199&sc=6-3&qs=n&sk=&cvid=CADADAD528164F019B13B6D4BEF882C6&first=81&FORM=PORE
1996 Fashion Trends: Girl Power, Witch-Goth and …	https://www.bing.com/ck/a?!&&p=b8aad51845b7da91e2ad87ba1c5e42950e6268f71a953343521c04b0b394a870JmltdHM9MTY1NDExNzQ2MyZpZ3VpZD1lNTIxMDhjMC05M2E0LTQzYzEtOGEzYi0zNWZlODliNTg3OGUmaW5zaWQ9NTI0Ng&ptn=3&fclid=6950113d-e1ee-11ec-9e1a-b9222a162ed4&u=a1aHR0cHM6Ly93d3cuOTBzZmFzaGlvbi5jb20vMTk5Ni1mYXNoaW9uLXRyZW5kcy8&ntb=1				https://www.bing.com/search?q=1996&sp=-1&pq=199&sc=6-3&qs=n&sk=&cvid=CADADAD528164F019B13B6D4BEF882C6&first=81&FORM=PORE
1996 Ford Mustang Specs, Price, MPG & Reviews | Cars.com	https://www.bing.com/ck/a?!&&p=e3f9c9b354527c97542a197d675f3e3b31e670904fc6ccd1b30339e06c9ac4dbJmltdHM9MTY1NDExNzQ2MyZpZ3VpZD1lNTIxMDhjMC05M2E0LTQzYzEtOGEzYi0zNWZlODliNTg3OGUmaW5zaWQ9NTI2OA&ptn=3&fclid=6950243b-e1ee-11ec-81be-6afdd4dd0867&u=a1aHR0cHM6Ly93d3cuY2Fycy5jb20vcmVzZWFyY2gvZm9yZC1tdXN0YW5nLTE5OTYv&ntb=1	Research the 1996 Ford Mustang at Cars.com and find specs, pricing, MPG, safety data, photos, videos, reviews and local inventory.			https://www.bing.com/search?q=1996&sp=-1&pq=199&sc=6-3&qs=n&sk=&cvid=CADADAD528164F019B13B6D4BEF882C6&first=81&FORM=PORE
1996 Chevrolet Corvette Classic Cars for Sale - Autotrader Classics	https://www.bing.com/ck/a?!&&p=70dd6a25a591d1b71b75da3f32f9f71446b89295dd6b57df823d26b06929d86aJmltdHM9MTY1NDExNzQ2MyZpZ3VpZD1lNTIxMDhjMC05M2E0LTQzYzEtOGEzYi0zNWZlODliNTg3OGUmaW5zaWQ9NTI5MQ&ptn=3&fclid=69503839-e1ee-11ec-b99d-cc77d1c1d895&u=a1aHR0cHM6Ly9jbGFzc2ljcy5hdXRvdHJhZGVyLmNvbS9jbGFzc2ljLWNhcnMtZm9yLXNhbGUvMTk5Ni1jaGV2cm9sZXQtY29ydmV0dGUtZm9yLXNhbGU&ntb=1	1996 Chevrolet Corvette (#897)-Clean Carfax report-Only 31,770 original miles-Red exterior paint-Tan leather interior-Many power options-Very good conditionOur team here at MGM Classic car dea...Read More. MGM Classic Cars (833) 762-6126. Addison, IL 60101 (1,596 miles away) 4 ...			https://www.bing.com/search?q=1996&sp=-1&pq=199&sc=6-3&qs=n&sk=&cvid=CADADAD528164F019B13B6D4BEF882C6&first=81&FORM=PORE
Used 1996 Chevrolet Corvette for Sale Near Me | Edmunds	https://www.bing.com/ck/a?!&&p=45f5ade1440002a1a03b670e12178b26da4d5c705678710b0a6058bb9cbb8f78JmltdHM9MTY1NDExNzQ2MyZpZ3VpZD1lNTIxMDhjMC05M2E0LTQzYzEtOGEzYi0zNWZlODliNTg3OGUmaW5zaWQ9NTMxMg&ptn=3&fclid=69504a1e-e1ee-11ec-9964-011fb2723d91&u=a1aHR0cHM6Ly93d3cuZWRtdW5kcy5jb20vY2hldnJvbGV0L2NvcnZldHRlLzE5OTYv&ntb=1	Save up to $19,638 on one of 4,277 used 1996 Chevrolet Corvettes near you. Find your perfect car with Edmunds expert reviews, car comparisons, and pricing tools.			https://www.bing.com/search?q=1996&sp=-1&pq=199&sc=6-3&qs=n&sk=&cvid=CADADAD528164F019B13B6D4BEF882C6&first=81&FORM=PORE
《新金瓶梅 1996版 AI修复》免费高清在线观看-1996年港台剧-9 …	https://www.bing.com/ck/a?!&&p=acc0cb493410c70df4d2642860e76e6635956e386e8868f8a4d23cfd6135b190JmltdHM9MTY1NDExNzQ2MyZpZ3VpZD1lNTIxMDhjMC05M2E0LTQzYzEtOGEzYi0zNWZlODliNTg3OGUmaW5zaWQ9NTMzNQ&ptn=3&fclid=69505c90-e1ee-11ec-b114-0a14e09a5053&u=a1aHR0cHM6Ly85ZWd1b3l1LmNvbS92b2RkZXRhaWwvODk5MjIuaHRtbA&ntb=1	Apr 03, 2022 · 新金瓶梅 1996版 ai修复剧情:故事发生在北宋年间的清河县，西门庆（单立文饰）是当地大名鼎鼎的风流之辈，尽管家中如花妻妾成群，却依然按捺不住外出寻花问柳的冲动，经由王婆（曾亚君饰）的介绍，他结识了名为潘金莲（杨思敏饰）的美艳女子。潘			https://www.bing.com/search?q=1996&sp=-1&pq=199&sc=6-3&qs=n&sk=&cvid=CADADAD528164F019B13B6D4BEF882C6&first=81&FORM=PORE
H.R.3734 - 104th Congress (1995-1996): Personal Responsibility …	https://www.bing.com/ck/a?!&&p=1184c0d2d96186283f85f995cd4d2a1c12064b4e8589b1899508ab0d80de850dJmltdHM9MTY1NDExNzQ2MyZpZ3VpZD1lNTIxMDhjMC05M2E0LTQzYzEtOGEzYi0zNWZlODliNTg3OGUmaW5zaWQ9NTM1Nw&ptn=3&fclid=69506eff-e1ee-11ec-b56c-394675a3193d&u=a1aHR0cHM6Ly93d3cuY29uZ3Jlc3MuZ292L2JpbGwvMTA0dGgtY29uZ3Jlc3MvaG91c2UtYmlsbC8zNzM0&ntb=1	Jun 27, 1996 · Personal Responsibility and Work Opportunity Reconciliation Act of 1996 - Title I: Block Grants for Temporary Assistance For Needy Families - Expresses the sense of the Congress that prevention of out-of-wedlock pregnancy and reduction in out-of-wedlock births are important Government interests.			https://www.bing.com/search?q=1996&sp=-1&pq=199&sc=6-3&qs=n&sk=&cvid=CADADAD528164F019B13B6D4BEF882C6&first=81&FORM=PORE
1996 – Wikipedie	https://www.bing.com/ck/a?!&&p=c3d9bd24e586c28adcc39ccb290109eb470353dafd8e7fef8269309b14aa1131JmltdHM9MTY1NDExNzQ2MyZpZ3VpZD1lNTIxMDhjMC05M2E0LTQzYzEtOGEzYi0zNWZlODliNTg3OGUmaW5zaWQ9NTM3OA&ptn=3&fclid=695081d8-e1ee-11ec-a033-28f2fb73a8a7&u=a1aHR0cHM6Ly9jcy53aWtpcGVkaWEub3JnL3dpa2kvMTk5Ng&ntb=1	30. června – Fotbalisté České republiky získávají stříbrné medaile na fotbalovém Mistrovství Evropy 1996 v Anglii, po finálové prohře s Německem, po prodloužení (1:2). 5. – 7. července – V Chotěboři proběhl první ročník Avalconu, předchůdce Festivalu fantazie. Otevřena vodní nádrž Slezská Harta. 1. …			https://www.bing.com/search?q=1996&sp=-1&pq=199&sc=6-3&qs=n&sk=&cvid=CADADAD528164F019B13B6D4BEF882C6&first=81&FORM=PORE
Health Insurance Portability and Accountability Act of 1996	https://www.bing.com/ck/a?!&&p=aace95f1f7e40173ff1c09d0a3de7c6fbec7815d9050897b066e786cff930100JmltdHM9MTY1NDExNzQ2MyZpZ3VpZD1lNTIxMDhjMC05M2E0LTQzYzEtOGEzYi0zNWZlODliNTg3OGUmaW5zaWQ9NTQwMA&ptn=3&fclid=695094b6-e1ee-11ec-af33-15949eb378a9&u=a1aHR0cHM6Ly9hc3BlLmhocy5nb3YvcmVwb3J0cy9oZWFsdGgtaW5zdXJhbmNlLXBvcnRhYmlsaXR5LWFjY291bnRhYmlsaXR5LWFjdC0xOTk2&ntb=1	Aug 20, 1996 · PUBLIC LAW 104-191. 104th Congress. An Act. To amend the Internal Revenue Code of 1986 to improve portability and continuity of health insurance coverage in the group and individual markets, to combat waste, fraud, and abuse in health insurance and health care delivery, to promote the use of medical savings accounts, to improve access to long-term care services …			https://www.bing.com/search?q=1996&sp=-1&pq=199&sc=6-3&qs=n&sk=&cvid=CADADAD528164F019B13B6D4BEF882C6&first=81&FORM=PORE
Pop Culture in Review for the Year 1996	https://www.bing.com/ck/a?!&&p=8f971e4a60a14ea32fea184b5606e69360ec8e554092553bc377a90396e2262aJmltdHM9MTY1NDExNzQ2MyZpZ3VpZD1lNTIxMDhjMC05M2E0LTQzYzEtOGEzYi0zNWZlODliNTg3OGUmaW5zaWQ9NTQyMg&ptn=3&fclid=6950a886-e1ee-11ec-801c-62809bd5097a&u=a1aHR0cHM6Ly9tcnBvcGN1bHR1cmUuY29tL3BvcC1jdWx0dXJlLWluLXJldmlldy1mb3ItdGhlLXllYXItMTk5Ni8&ntb=1	On February 9, 1996, Jimmy Bennett was born who was an American actor and a musician by passion. The film star started his career in Hollywood at a very early age by becoming the child actor in Daddy Day Care, Hostage, The Amityville Horror, Poseidon, Evan Almighty and many others as well. The star has been known popular for his role in the ...			https://www.bing.com/search?q=1996&sp=-1&pq=199&sc=6-3&qs=n&sk=&cvid=CADADAD528164F019B13B6D4BEF882C6&first=81&FORM=PORE
1996 – Wikipedie	https://www.bing.com/ck/a?!&&p=688adcd74100315bc9582df70eec061ed0e7da624dbcd7ebf29d0794b4205a62JmltdHM9MTY1NDExNzQ3NSZpZ3VpZD0wMDU2MzgwMi0wYzU2LTQyOTAtODRkOS03YmRiMGZjOWQ1ZWYmaW5zaWQ9NTEyNg&ptn=3&fclid=70730595-e1ee-11ec-b3b9-623e812019be&u=a1aHR0cHM6Ly9jcy53aWtpcGVkaWEub3JnL3dpa2kvMTk5Ng&ntb=1	30. června – Fotbalisté České republiky získávají stříbrné medaile na fotbalovém Mistrovství Evropy 1996 v Anglii, po finálové prohře s Německem, po prodloužení (1:2). 5. – 7. července – V Chotěboři proběhl první ročník Avalconu, předchůdce Festivalu fantazie. Otevřena vodní nádrž Slezská Harta. 1. …			https://www.bing.com/search?q=1996&sp=-1&pq=199&sc=6-3&qs=n&sk=&cvid=CADADAD528164F019B13B6D4BEF882C6&first=81&FORM=PORE
Pop Culture in Review for the Year 1996	https://www.bing.com/ck/a?!&&p=f5b6e575f8b6a3cf304ce8caefc3fad611d25c55671e00fb3062c06a91f97b6fJmltdHM9MTY1NDExNzQ3NSZpZ3VpZD0wMDU2MzgwMi0wYzU2LTQyOTAtODRkOS03YmRiMGZjOWQ1ZWYmaW5zaWQ9NTE1Mg&ptn=3&fclid=7073353b-e1ee-11ec-aec4-66b5d68b0b10&u=a1aHR0cHM6Ly9tcnBvcGN1bHR1cmUuY29tL3BvcC1jdWx0dXJlLWluLXJldmlldy1mb3ItdGhlLXllYXItMTk5Ni8&ntb=1				https://www.bing.com/search?q=1996&sp=-1&pq=199&sc=6-3&qs=n&sk=&cvid=CADADAD528164F019B13B6D4BEF882C6&first=81&FORM=PORE
1996 NBA Playoffs Summary | Basketball-Reference.com	https://www.bing.com/ck/a?!&&p=754fe49e301d7d6965e0672eb255ac5e9f21b2bb53614e4b5a1e2b06884b54ceJmltdHM9MTY1NDExNzQ3NSZpZ3VpZD0wMDU2MzgwMi0wYzU2LTQyOTAtODRkOS03YmRiMGZjOWQ1ZWYmaW5zaWQ9NTE3NQ&ptn=3&fclid=707348be-e1ee-11ec-8c08-bbaa597eca79&u=a1aHR0cHM6Ly93d3cuYmFza2V0YmFsbC1yZWZlcmVuY2UuY29tL3BsYXlvZmZzL05CQV8xOTk2Lmh0bWw&ntb=1	Jun 12, 2012 · Orlando Magic. 101. @ Detroit Pistons. 98. Western Conference First Round. Houston Rockets over Los Angeles Lakers (3-1) Series Stats. Game 1. Thu, April 25.			https://www.bing.com/search?q=1996&sp=-1&pq=199&sc=6-3&qs=n&sk=&cvid=CADADAD528164F019B13B6D4BEF882C6&first=81&FORM=PORE
Telecommunications Act of 1996 | Federal Communications …	https://www.bing.com/ck/a?!&&p=e61ad8a4799b6e8d46d96f787234043b8efe0e83393f6e84d6e48d597e5cd434JmltdHM9MTY1NDExNzQ3NSZpZ3VpZD0wMDU2MzgwMi0wYzU2LTQyOTAtODRkOS03YmRiMGZjOWQ1ZWYmaW5zaWQ9NTE5OA&ptn=3&fclid=70735c9c-e1ee-11ec-9efc-1fcdb8c7d104&u=a1aHR0cHM6Ly93d3cuZmNjLmdvdi9nZW5lcmFsL3RlbGVjb21tdW5pY2F0aW9ucy1hY3QtMTk5Ng&ntb=1	Jun 20, 2013 · The Telecommunications Act of 1996 is the first major overhaul of telecommunications law in almost 62 years. The goal of this new law is to let anyone enter any communications business -- to let any communications business compete in any market against any other. The Telecommunications Act of 1996 has the potential to change the way we work, live …			https://www.bing.com/search?q=1996&sp=-1&pq=199&sc=6-3&qs=n&sk=&cvid=CADADAD528164F019B13B6D4BEF882C6&first=81&FORM=PORE
1996 בישראל – ויקיפדיה	https://www.bing.com/ck/a?!&&p=9a169167207962f1f009e705217eca501e1fef330d05b5b80694bc9b51080d32JmltdHM9MTY1NDExNzQ3NSZpZ3VpZD0wMDU2MzgwMi0wYzU2LTQyOTAtODRkOS03YmRiMGZjOWQ1ZWYmaW5zaWQ9NTIxOQ&ptn=3&fclid=707370e0-e1ee-11ec-ba2a-799eeb006849&u=a1aHR0cHM6Ly9oZS53aWtpcGVkaWEub3JnL3dpa2kvMTk5Nl8lRDclOTElRDclOTklRDclQTklRDclQTglRDclOTAlRDclOUM&ntb=1	"1996 בישראל (ה'תשנ""ו-ה'תשנ""ז) הייתה השנה בה חגגה מדינת ישראל 48 שנה מיום היווסדה. האירועים הבולטים בה היו מבצע ענבי זעם כנגד חזבאללה בצפון, חיסולו של המחבל יחיא עייש אשר הצית גל טרור במרכזי הערים בישראל ומהומות מנהרת הכותל"			https://www.bing.com/search?q=1996&sp=-1&pq=199&sc=6-3&qs=n&sk=&cvid=CADADAD528164F019B13B6D4BEF882C6&first=81&FORM=PORE
H.R.3734 - 104th Congress (1995-1996): Personal Responsibility …	https://www.bing.com/ck/a?!&&p=588c57302c86f7a476d717f84d852d2a22dca67bd9ade58ff0f02ccaa4b63c88JmltdHM9MTY1NDExNzQ3NSZpZ3VpZD0wMDU2MzgwMi0wYzU2LTQyOTAtODRkOS03YmRiMGZjOWQ1ZWYmaW5zaWQ9NTI0MQ&ptn=3&fclid=707383f5-e1ee-11ec-8898-0933c2ecba81&u=a1aHR0cHM6Ly93d3cuY29uZ3Jlc3MuZ292L2JpbGwvMTA0dGgtY29uZ3Jlc3MvaG91c2UtYmlsbC8zNzM0&ntb=1	Jun 27, 1996 · Personal Responsibility and Work Opportunity Reconciliation Act of 1996 - Title I: Block Grants for Temporary Assistance For Needy Families - Expresses the sense of the Congress that prevention of out-of-wedlock pregnancy and reduction in out-of-wedlock births are important Government interests.			https://www.bing.com/search?q=1996&sp=-1&pq=199&sc=6-3&qs=n&sk=&cvid=CADADAD528164F019B13B6D4BEF882C6&first=81&FORM=PORE
1996 GMC Sierra 1500 For Sale - Carsforsale.com®	https://www.bing.com/ck/a?!&&p=e76b4bbf6e82d789c006f063aef3e95ad605115b8a265d41a0e3a76805d23eddJmltdHM9MTY1NDExNzQ3NSZpZ3VpZD0wMDU2MzgwMi0wYzU2LTQyOTAtODRkOS03YmRiMGZjOWQ1ZWYmaW5zaWQ9NTI2OA&ptn=3&fclid=70739ee0-e1ee-11ec-b123-4408c1a8ed4e&u=a1aHR0cHM6Ly93d3cuY2Fyc2ZvcnNhbGUuY29tLzE5OTYtZ21jLXNpZXJyYS0xNTAwLWZvci1zYWxlLUMxMjU2Mzg&ntb=1				https://www.bing.com/search?q=1996&sp=-1&pq=199&sc=6-3&qs=n&sk=&cvid=CADADAD528164F019B13B6D4BEF882C6&first=81&FORM=PORE
1996 Vintage Toys From The Nineties - The People …	https://www.bing.com/ck/a?!&&p=0b35eeb121362616cc9942a6557d9315f628e5815299c78df94aebdbc6d505d7JmltdHM9MTY1NDExNzQ3NSZpZ3VpZD0wMDU2MzgwMi0wYzU2LTQyOTAtODRkOS03YmRiMGZjOWQ1ZWYmaW5zaWQ9NTI5Mw&ptn=3&fclid=7073b8df-e1ee-11ec-852c-d5c56f5b5f61&u=a1aHR0cHM6Ly93d3cudGhlcGVvcGxlaGlzdG9yeS5jb20vMTk5NnRveXMuaHRtbA&ntb=1				https://www.bing.com/search?q=1996&sp=-1&pq=199&sc=6-3&qs=n&sk=&cvid=CADADAD528164F019B13B6D4BEF882C6&first=81&FORM=PORE
Hurricane Fran: September 5, 1996 - National …	https://www.bing.com/ck/a?!&&p=ec0bef1d06dcabdcb9acd67f0a4d5f4fd43cc5ea1793d667fad4bca1a596deb2JmltdHM9MTY1NDExNzQ3NSZpZ3VpZD0wMDU2MzgwMi0wYzU2LTQyOTAtODRkOS03YmRiMGZjOWQ1ZWYmaW5zaWQ9NTMyMQ&ptn=3&fclid=7073d21c-e1ee-11ec-b5b6-6db5beae26a9&u=a1aHR0cHM6Ly93d3cud2VhdGhlci5nb3YvaWxtL0h1cnJpY2FuZUZyYW4&ntb=1				https://www.bing.com/search?q=1996&sp=-1&pq=199&sc=6-3&qs=n&sk=&cvid=CADADAD528164F019B13B6D4BEF882C6&first=81&FORM=PORE
The Journal of Physical Chemistry: List of issues	https://www.bing.com/ck/a?!&&p=0f56b70b02c9ccecaa4b33149acf74a62f6628b1274b3632a4db21337a4ba415JmltdHM9MTY1NDExNzQ3NSZpZ3VpZD0wMDU2MzgwMi0wYzU2LTQyOTAtODRkOS03YmRiMGZjOWQ1ZWYmaW5zaWQ9NTM0Mg&ptn=3&fclid=7073e5a2-e1ee-11ec-b132-7ebca24796dd&u=a1aHR0cHM6Ly9wdWJzLmFjcy5vcmcvbG9pL2pwY2hheA&ntb=1	The Journal of Physical Chemistry (1951 - 1996) The Journal of Physical and Colloid Chemistry (1947 - 1950) The Journal of Physical Chemistry (1896 - 1946) CURRENT ISSUE; VIEW ALL ISSUES; CURRENT ISSUE; VIEW ALL ISSUES; 1990s; 1980s; 1970s; 1960s; 1950s; 1940s; 1930s; 1920s; 1910s; 1900s; 1890s; 1996; 1995; 1994; 1993; 1992;			https://www.bing.com/search?q=1996&sp=-1&pq=199&sc=6-3&qs=n&sk=&cvid=CADADAD528164F019B13B6D4BEF882C6&first=81&FORM=PORE
FRB: Speech, Greenspan -- Central banking in a democratic society ...	https://www.bing.com/ck/a?!&&p=9c9e61a3d37accd5b4bdb7f80f18c6e196b08049477791b08a405decfff5b9a0JmltdHM9MTY1NDExNzQ3NSZpZ3VpZD0wMDU2MzgwMi0wYzU2LTQyOTAtODRkOS03YmRiMGZjOWQ1ZWYmaW5zaWQ9NTM2NA&ptn=3&fclid=7073f6ca-e1ee-11ec-a102-ecb8064187d1&u=a1aHR0cHM6Ly93d3cuZmVkZXJhbHJlc2VydmUuZ292L2JvYXJkZG9jcy9zcGVlY2hlcy8xOTk2LzE5OTYxMjA1Lmh0bQ&ntb=1	Dec 05, 1996 · December 5, 1996. The Challenge of Central Banking in a Democratic Society. Good evening ladies and gentlemen. I am especially pleased to accept AEI's Francis Boyer Award for 1996 and be listed with so many of my friends and former associates. In my lecture this evening I want to give some personal perspectives on central banking and ...			https://www.bing.com/search?q=1996&sp=-1&pq=199&sc=6-3&qs=n&sk=&cvid=CADADAD528164F019B13B6D4BEF882C6&first=81&FORM=PORE
1996: Naylor, Gloria: 9780883782781: Amazon.com: Books	https://www.bing.com/ck/a?!&&p=13273b273c226527c8d28930e931b4e896d46e1cb13af203e7dd888404a197f9JmltdHM9MTY1NDExNzQ3NSZpZ3VpZD0wMDU2MzgwMi0wYzU2LTQyOTAtODRkOS03YmRiMGZjOWQ1ZWYmaW5zaWQ9NTM4OQ&ptn=3&fclid=70740b8a-e1ee-11ec-86ba-db3050b76b48&u=a1aHR0cHM6Ly93d3cuYW1hem9uLmNvbS8xOTk2LUdsb3JpYS1OYXlsb3IvZHAvMDg4Mzc4Mjc4Mg&ntb=1	This item: 1996. by Gloria Naylor Paperback. $19.95. In Stock. Ships from and sold by HERITAGE BOOKS & MUSIC. $3.99 shipping. The Men of Brewster Place: A …			https://www.bing.com/search?q=1996&sp=-1&pq=199&sc=6-3&qs=n&sk=&cvid=CADADAD528164F019B13B6D4BEF882C6&first=81&FORM=PORE
The Personal Responsibility and Work Opportunity Reconciliation Act of 1996	https://www.bing.com/ck/a?!&&p=520bcfa8d2ac4508038b0de36b0d5eaf1392bf662ae109eb21ae8f668c7112d7JmltdHM9MTY1NDExNzQ3NSZpZ3VpZD0wMDU2MzgwMi0wYzU2LTQyOTAtODRkOS03YmRiMGZjOWQ1ZWYmaW5zaWQ9NTQxMQ&ptn=3&fclid=707423ea-e1ee-11ec-9b74-09a919f5538e&u=a1aHR0cHM6Ly9hc3BlLmhocy5nb3YvcmVwb3J0cy9wZXJzb25hbC1yZXNwb25zaWJpbGl0eS13b3JrLW9wcG9ydHVuaXR5LXJlY29uY2lsaWF0aW9uLWFjdC0xOTk2&ntb=1	"Aug 31, 1996 · Publication Date. Aug 31, 1996. Contact: HHS Press Office (202) 690-6343. On August 22, President Clinton signed into law ""The Personal Responsibility and Work Opportunity Reconciliation Act of 1996 (P.L. 104-193),"" a comprehensive bipartisan welfare reform plan that will dramatically change the nation's welfare system into one that requires ..."			https://www.bing.com/search?q=1996&sp=-1&pq=199&sc=6-3&qs=n&sk=&cvid=CADADAD528164F019B13B6D4BEF882C6&first=81&FORM=PORE
Best albums of 1996 - Rate Your Music	https://www.bing.com/ck/a?!&&p=ea14a5643b099988b9b3ab5c08d993393049f1a2d7b692769e0f34e95da01cb8JmltdHM9MTY1NDExNzQ3NSZpZ3VpZD0wMDU2MzgwMi0wYzU2LTQyOTAtODRkOS03YmRiMGZjOWQ1ZWYmaW5zaWQ9NTQzMw&ptn=3&fclid=70743781-e1ee-11ec-9151-1990a3e7d119&u=a1aHR0cHM6Ly9yYXRleW91cm11c2ljLmNvbS9jaGFydHMvdG9wL2FsYnVtLzE5OTYv&ntb=1	Oct 25, 1996 · Ground-Zero. 3.83 5k 4,743 58 58. 1996 Album. Sound Collage Turntable Music Plunderphonics. Noise Avant-Garde Jazz Peking Opera Avant-Prog Revolutionary Opera. chaotic sampling manic noisy avant-garde satirical epic surreal. 5k …			https://www.bing.com/search?q=1996&sp=-1&pq=199&sc=6-3&qs=n&sk=&cvid=CADADAD528164F019B13B6D4BEF882C6&first=81&FORM=PORE
The Wombats - 1996 (Official Video) - YouTube	https://www.bing.com/ck/a?!&&p=f053c78a554fd0ff1a32038a20c8cbe8ba88d0afac307da64bb2fcbaad68722aJmltdHM9MTY1NDExNzQ4NyZpZ3VpZD1lMTU2MTE0Zi03MWRmLTRkY2QtOTA0Yy1kZGQ1ZGI2NTg5YzgmaW5zaWQ9NTEzOA&ptn=3&fclid=77a00f65-e1ee-11ec-a94a-e7ea285d7e25&u=a1aHR0cHM6Ly93d3cueW91dHViZS5jb20vd2F0Y2g_dj04Z3JGOTNRZTlMaw&ntb=1	"Sep 26, 2011 · Official Video for ""1996"" by The WombatsFollow The Wombats:Facebook: https://facebook.com/thewombatsukTwitter: https://twitter.com/thewombatsInstagram: https..."	https://www.bing.com/ck/a?!&&p=cb840f46ab4e9e388ee5db6cca3ef0ebd4a850529442b3c586a2fc0455c9282aJmltdHM9MTY1NDExNzQ4NyZpZ3VpZD1lMTU2MTE0Zi03MWRmLTRkY2QtOTA0Yy1kZGQ1ZGI2NTg5YzgmaW5zaWQ9NTEyMQ&ptn=3&fclid=77a04786-e1ee-11ec-a3e6-e99e15884c8c&u=a1L3ZpZGVvcy9zZWFyY2g_cT0xOTk2JnNwPS0xJnBxPTE5OSZzYz02LTMmcXM9biZzaz0mY3ZpZD1DQURBREFENTI4MTY0RjAxOUIxM0I2RDRCRUY4ODJDNiZmaXJzdD02NyZydT0lMmZzZWFyY2glM2ZxJTNkMTk5NiUyNnNwJTNkLTElMjZwcSUzZDE5OSUyNnNjJTNkNi0zJTI2cXMlM2RuJTI2c2slM2QlMjZjdmlkJTNkQ0FEQURBRDUyODE2NEYwMTlCMTNCNkQ0QkVGODgyQzYlMjZmaXJzdCUzZDY3JTI2Rk9STSUzZFBPUkUmdmlldz1kZXRhaWwmbW1zY249dndyYyZtaWQ9M0FEQTRDNDYwNDI3REE3Mzg1RDUzQURBNEM0NjA0MjdEQTczODVENSZGT1JNPVdSVk9SQw&ntb=1		https://www.bing.com/search?q=1996&sp=-1&pq=199&sc=6-3&qs=n&sk=&cvid=CADADAD528164F019B13B6D4BEF882C6&first=81&FORM=PORE
1996 Academy Awards® Winners and History	https://www.bing.com/ck/a?!&&p=df7929a9396ed1aff5d653b7c8aea7357f0eb608b19a8ce754355f72990853b0JmltdHM9MTY1NDExNzQ4NyZpZ3VpZD1lMTU2MTE0Zi03MWRmLTRkY2QtOTA0Yy1kZGQ1ZGI2NTg5YzgmaW5zaWQ9NTE2Mw&ptn=3&fclid=77a06814-e1ee-11ec-8d8b-3b5c7d98967d&u=a1aHR0cHM6Ly93d3cuZmlsbXNpdGUub3JnL2FhOTYuaHRtbA&ntb=1				https://www.bing.com/search?q=1996&sp=-1&pq=199&sc=6-3&qs=n&sk=&cvid=CADADAD528164F019B13B6D4BEF882C6&first=81&FORM=PORE
1996 GMC Sierra 1500 For Sale - Carsforsale.com®	https://www.bing.com/ck/a?!&&p=df4710f1319e547a4e585e34efc8a38018eddd44ae0efac7e077a7492d1bccc3JmltdHM9MTY1NDExNzQ4NyZpZ3VpZD1lMTU2MTE0Zi03MWRmLTRkY2QtOTA0Yy1kZGQ1ZGI2NTg5YzgmaW5zaWQ9NTE5MA&ptn=3&fclid=77a07ffd-e1ee-11ec-90c8-559c1f705cd2&u=a1aHR0cHM6Ly93d3cuY2Fyc2ZvcnNhbGUuY29tLzE5OTYtZ21jLXNpZXJyYS0xNTAwLWZvci1zYWxlLUMxMjU2Mzg&ntb=1				https://www.bing.com/search?q=1996&sp=-1&pq=199&sc=6-3&qs=n&sk=&cvid=CADADAD528164F019B13B6D4BEF882C6&first=81&FORM=PORE
1996 Ford Mustang SVT Cobra For Sale	https://www.bing.com/ck/a?!&&p=309e01f868374d08000bb82a72980dccb011d7b684c3ff22362e2d1a863d9cd1JmltdHM9MTY1NDExNzQ4NyZpZ3VpZD1lMTU2MTE0Zi03MWRmLTRkY2QtOTA0Yy1kZGQ1ZGI2NTg5YzgmaW5zaWQ9NTIxNQ&ptn=3&fclid=77a09a21-e1ee-11ec-a4ca-51bde35dbf00&u=a1aHR0cHM6Ly93d3cuY2Fyc2ZvcnNhbGUuY29tLzE5OTYtZm9yZC1tdXN0YW5nLXN2dC1jb2JyYS1mb3Itc2FsZS1DMTI1NDE3&ntb=1				https://www.bing.com/search?q=1996&sp=-1&pq=199&sc=6-3&qs=n&sk=&cvid=CADADAD528164F019B13B6D4BEF882C6&first=81&FORM=PORE
1996 Bounder Price, 1996 Bounder Values & 1996 Bounder Specs - NADAguides	https://www.bing.com/ck/a?!&&p=a2ab79528285f9e4a46409e26f14c69d400545c52ac7533b432f28b1eda1a800JmltdHM9MTY1NDExNzQ4NyZpZ3VpZD1lMTU2MTE0Zi03MWRmLTRkY2QtOTA0Yy1kZGQ1ZGI2NTg5YzgmaW5zaWQ9NTIzNg&ptn=3&fclid=77a0ab25-e1ee-11ec-b484-a563555cb6ea&u=a1aHR0cHM6Ly93d3cubmFkYWd1aWRlcy5jb20vUlZzLzE5OTYvQm91bmRlcg&ntb=1	1996 Note. MOTORHOMES - 1996 prices include (2)color TV's, VCR, (2)air conditioners (1 air conditioner in model 28T), generator, wheel simulators and power mirrors. In addition to previous equipment, model 38Z includes Washer/Dryer, levelers, and back-up camera. Show Specs Toggle switch Hide Specs. (Model years 2022 - 1986)			https://www.bing.com/search?q=1996&sp=-1&pq=199&sc=6-3&qs=n&sk=&cvid=CADADAD528164F019B13B6D4BEF882C6&first=81&FORM=PORE
1996 Baltimore Orioles Statistics | Baseball-Reference.com	https://www.bing.com/ck/a?!&&p=c4ad67f685ffc59ebe7307dd13070fb3252996e4829cf09d2880cbd766870592JmltdHM9MTY1NDExNzQ4NyZpZ3VpZD1lMTU2MTE0Zi03MWRmLTRkY2QtOTA0Yy1kZGQ1ZGI2NTg5YzgmaW5zaWQ9NTI1OA&ptn=3&fclid=77a0c196-e1ee-11ec-8171-34e779c7d225&u=a1aHR0cHM6Ly93d3cuYmFzZWJhbGwtcmVmZXJlbmNlLmNvbS90ZWFtcy9CQUwvMTk5Ni5zaHRtbA&ntb=1	Record: 88-74-1, Finished 2nd in AL_East (Schedule and Results) Postseason: Lost AL Championship Series (4-1) to New York Yankees Won AL Division Series (3-1) over Cleveland Indians Manager: Davey Johnson (88-74-1) General Manager: Pat Gillick (Hired 11/27/1995) Scouting Director: Gary Nickels			https://www.bing.com/search?q=1996&sp=-1&pq=199&sc=6-3&qs=n&sk=&cvid=CADADAD528164F019B13B6D4BEF882C6&first=81&FORM=PORE
Chairman's Letter - 1996 - Berkshire Hathaway	https://www.bing.com/ck/a?!&&p=c2ebe87d067561fa1c9540af328699f14542a77908bfe9610c92cf5b22445f12JmltdHM9MTY1NDExNzQ4NyZpZ3VpZD1lMTU2MTE0Zi03MWRmLTRkY2QtOTA0Yy1kZGQ1ZGI2NTg5YzgmaW5zaWQ9NTI3OQ&ptn=3&fclid=77a0d6a9-e1ee-11ec-b082-ed4ef21b1958&u=a1aHR0cHM6Ly9iZXJrc2hpcmVoYXRoYXdheS5jb20vbGV0dGVycy8xOTk2Lmh0bWw&ntb=1	To the Shareholders of Berkshire Hathaway Inc.: Our gain in net worth during 1996 was $6.2 billion, or 36.1%. Per- share book value, however, grew by less, 31.8%, because the number of Berkshire shares increased: We issued stock in acquiring FlightSafety International and also sold new Class B shares.*. Over the last 32 years (that is, since ...			https://www.bing.com/search?q=1996&sp=-1&pq=199&sc=6-3&qs=n&sk=&cvid=CADADAD528164F019B13B6D4BEF882C6&first=81&FORM=PORE
Understanding Proposition 218 - California	https://www.bing.com/ck/a?!&&p=d2ddeda6600ce16f105492d1fe1d5bac73520777dbad45bf62232dd3753f7a68JmltdHM9MTY1NDExNzQ4NyZpZ3VpZD1lMTU2MTE0Zi03MWRmLTRkY2QtOTA0Yy1kZGQ1ZGI2NTg5YzgmaW5zaWQ9NTMwMw&ptn=3&fclid=77a0e893-e1ee-11ec-ba69-ace3fd2b6a01&u=a1aHR0cHM6Ly9sYW8uY2EuZ292LzE5OTYvMTIwMTk2X3Byb3BfMjE4L3VuZGVyc3RhbmRpbmdfcHJvcDIxOF8xMjk2Lmh0bWw&ntb=1	Introduction Proposition 218 significantly changes local government finance. This constitutional initiative--approved by the state's voters in November 1996--applies to each of California's nearly 7,000 cities, counties, special districts, schools, community college districts, redevelopment agencies, and regional organizations.			https://www.bing.com/search?q=1996&sp=-1&pq=199&sc=6-3&qs=n&sk=&cvid=CADADAD528164F019B13B6D4BEF882C6&first=81&FORM=PORE
Sinh năm 1996 mệnh gì? Tuổi Bính Tý hợp tuổi nào, màu gì?	https://www.bing.com/ck/a?!&&p=e3b12faafb99bab16521213a52c9c7797d2fea8a4570854b999658a43f17eb30JmltdHM9MTY1NDExNzQ4NyZpZ3VpZD1lMTU2MTE0Zi03MWRmLTRkY2QtOTA0Yy1kZGQ1ZGI2NTg5YzgmaW5zaWQ9NTMyNw&ptn=3&fclid=77a0f9ef-e1ee-11ec-b616-72ea08543847&u=a1aHR0cHM6Ly92YW5zdS5uZXQvc2luaC1uYW0tMTk5Ni1tZW5oLWdpLmh0bWw&ntb=1	Feb 19, 1996 · Nam mạng tuổi Bính Tý 1996. Nam giới tuổi Bính Tý sinh năm 1996 là những người đàn ông cần chù, tốt bụng và có nhiều tài lẻ. Họ thuộc tuýp người giỏi tính toán, làm gì cũng có kế hoạch cẩn thận chứ hiếm khi tự phát. Người đàn ông này biết quan tâm tới mọi người ...			https://www.bing.com/search?q=1996&sp=-1&pq=199&sc=6-3&qs=n&sk=&cvid=CADADAD528164F019B13B6D4BEF882C6&first=81&FORM=PORE
The Journal of Physical Chemistry: List of issues	https://www.bing.com/ck/a?!&&p=105d7b1791e3ed679331bf845ae5230e3ad66a9a9acc78e76c44f07ee099e1d3JmltdHM9MTY1NDExNzQ4NyZpZ3VpZD1lMTU2MTE0Zi03MWRmLTRkY2QtOTA0Yy1kZGQ1ZGI2NTg5YzgmaW5zaWQ9NTM0OA&ptn=3&fclid=77a10d70-e1ee-11ec-82fe-043ecba0ce89&u=a1aHR0cHM6Ly9wdWJzLmFjcy5vcmcvbG9pL2pwY2hheA&ntb=1	The Journal of Physical Chemistry (1951 - 1996) The Journal of Physical and Colloid Chemistry (1947 - 1950) The Journal of Physical Chemistry (1896 - 1946) CURRENT ISSUE; VIEW ALL ISSUES; CURRENT ISSUE; VIEW ALL ISSUES; 1990s; 1980s; 1970s; 1960s; 1950s; 1940s; 1930s; 1920s; 1910s; 1900s; 1890s; 1996; 1995; 1994; 1993; 1992;			https://www.bing.com/search?q=1996&sp=-1&pq=199&sc=6-3&qs=n&sk=&cvid=CADADAD528164F019B13B6D4BEF882C6&first=81&FORM=PORE
Year 1996 Calendar – United Kingdom - Time and Date	https://www.bing.com/ck/a?!&&p=5e2f2379f2e568a988f06d4ddd7cfca69a0072a514446e113ddbc471e643c87bJmltdHM9MTY1NDExNzQ4NyZpZ3VpZD1lMTU2MTE0Zi03MWRmLTRkY2QtOTA0Yy1kZGQ1ZGI2NTg5YzgmaW5zaWQ9NTM2OA&ptn=3&fclid=77a11c5d-e1ee-11ec-9374-d3e359d45069&u=a1aHR0cHM6Ly93d3cudGltZWFuZGRhdGUuY29tL2NhbGVuZGFyLz95ZWFyPTE5OTYmY291bnRyeT05&ntb=1	Disable moonphases. Red –Bank Holidays and Sundays. Blue –Common Local Holidays. Green –Local Holidays. Gray –Typical Non-working Days. Black–Other Days. The year 1996 is a leap year, with 366 days in total. Calendar shown with Monday as first day of week. Change to Sunday.			https://www.bing.com/search?q=1996&sp=-1&pq=199&sc=6-3&qs=n&sk=&cvid=CADADAD528164F019B13B6D4BEF882C6&first=81&FORM=PORE
1996 Movie Releases | MovieWeb	https://www.bing.com/ck/a?!&&p=46c1c2bbca78e9005af8c6f49d6aac31a1f39659e4f9c41131958c987d9c0850JmltdHM9MTY1NDExNzQ4NyZpZ3VpZD1lMTU2MTE0Zi03MWRmLTRkY2QtOTA0Yy1kZGQ1ZGI2NTg5YzgmaW5zaWQ9NTM5MA&ptn=3&fclid=77a12d8e-e1ee-11ec-8d89-0cf9fc2dbb89&u=a1aHR0cHM6Ly9tb3ZpZXdlYi5jb20vbW92aWVzLzE5OTYv&ntb=1	Jan 01, 1996 · December 25, 1996. mother. Popular. Box Office. Top Gun: Maverick Breaks Preview Record for Paramount. 1 day ago. Pop Culture. Amber Heard Blasts Kate Moss for 'Coming Out of the Woodwork' to ...			https://www.bing.com/search?q=1996&sp=-1&pq=199&sc=6-3&qs=n&sk=&cvid=CADADAD528164F019B13B6D4BEF882C6&first=81&FORM=PORE
Powerball Numbers from 1996 | Numbers Archive - Lotto.net	https://www.bing.com/ck/a?!&&p=068d5647dff65b516f26a35133258268586ca05b912e3435a4f0b95c54d9e6b4JmltdHM9MTY1NDExNzQ4NyZpZ3VpZD1lMTU2MTE0Zi03MWRmLTRkY2QtOTA0Yy1kZGQ1ZGI2NTg5YzgmaW5zaWQ9NTQxMQ&ptn=3&fclid=77a13e92-e1ee-11ec-bf37-c2bdcd73227a&u=a1aHR0cHM6Ly93d3cubG90dG8ubmV0L3Bvd2VyYmFsbC9udW1iZXJzLzE5OTY&ntb=1	A comprehensive list of all Powerball draws in 1996 can be found below, displaying the winning numbers, date of the draw, jackpot amount, and whether it was won or rolled over. You can also find more details about each draw, including the number of winners in each tier and how much money was paid out, by selecting ‘Prize Breakdown’.			https://www.bing.com/search?q=1996&sp=-1&pq=199&sc=6-3&qs=n&sk=&cvid=CADADAD528164F019B13B6D4BEF882C6&first=81&FORM=PORE
U.S. Copyright Office - Federal Register 1996	https://www.bing.com/ck/a?!&&p=97f7dbddbb616c18a5e9ecfb536aa054cd5c5fcb577c0ef71fffcf03a533ced8JmltdHM9MTY1NDExNzQ4NyZpZ3VpZD1lMTU2MTE0Zi03MWRmLTRkY2QtOTA0Yy1kZGQ1ZGI2NTg5YzgmaW5zaWQ9NTQzMg&ptn=3&fclid=77a15185-e1ee-11ec-881c-b2cb66d13833&u=a1aHR0cHM6Ly93d3cuY29weXJpZ2h0Lmdvdi9mZWRyZWcvMTk5Ni8&ntb=1	August 2, 1996, 61 FR 40464 Version: Text Digital Phonorecord Delivery Rate Adjustment Proceeding: Final regulations, notice of initiation of negotiation period			https://www.bing.com/search?q=1996&sp=-1&pq=199&sc=6-3&qs=n&sk=&cvid=CADADAD528164F019B13B6D4BEF882C6&first=81&FORM=PORE
